#
# A fatal error has been detected by the Java Runtime Environment:
#
#  SIGSEGV (0xb) at pc=0x00007c9ad99f4e62, pid=10143, tid=10231
#
# JRE version: OpenJDK Runtime Environment Temurin-17.0.12+7 (17.0.12+7) (build 17.0.12+7)
# Java VM: OpenJDK 64-Bit Server VM Temurin-17.0.12+7 (17.0.12+7, mixed mode, sharing, tiered, compressed oops, compressed class ptrs, g1 gc, linux-amd64)
# Problematic frame:
# C  [libjcc3.so+0x9e62]  JCCEnv::callVoidMethod(_jobject*, _jmethodID*, ...) const+0xb2
#
# Core dump will be written. Default location: Core dumps may be processed with "/usr/share/apport/apport -p%p -s%s -c%c -d%d -P%P -u%u -g%g -- %E" (or dumping to /home/yjf/share/code/core.10143)
#
# If you would like to submit a bug report, please visit:
#   https://github.com/adoptium/adoptium-support/issues
#

---------------  S U M M A R Y ------------

Command Line: 

Host: AMD Ryzen 7 5800H with Radeon Graphics, 8 cores, 7G, Ubuntu 24.04.1 LTS
Time: Thu Nov  7 15:31:53 2024 UTC elapsed time: 10.585167 seconds (0d 0h 0m 10s)

---------------  T H R E A D  ---------------

Current thread is native thread

Stack: [0x00007c9a94401000,0x00007c9a94c01000],  sp=0x00007c9a94bfeb40,  free space=8182k
Native frames: (J=compiled Java code, j=interpreted, Vv=VM code, C=native code)
C  [libjcc3.so+0x9e62]  JCCEnv::callVoidMethod(_jobject*, _jmethodID*, ...) const+0xb2


siginfo: si_signo: 11 (SIGSEGV), si_code: 1 (SEGV_MAPERR), si_addr: 0x0000000000000000

Registers:
RAX=0x0000000000000000, RBX=0x0000000002c6a310, RCX=0x00007c9a94bfeb40, RDX=0x00000000041023c8
RSP=0x00007c9a94bfeb40, RBP=0x000000000414d678, RSI=0x000000000414d678, RDI=0x0000000000000000
R8 =0x0000000000b47b58, R9 =0x0000000000b47b78, R10=0x0000000000000000, R11=0x0000000000000246
R12=0x00000000041023c8, R13=0x00007c99dc001090, R14=0x00007c9ad99dfa58, R15=0x00007c9a9cf93540
RIP=0x00007c9ad99f4e62, EFLAGS=0x0000000000010246, CSGSFS=0x002b000000000033, ERR=0x0000000000000004
  TRAPNO=0x000000000000000e


Top of Stack: (sp=0x00007c9a94bfeb40)
0x00007c9a94bfeb40:   0000003000000018 00007c9a94bfec30
0x00007c9a94bfeb50:   00007c9a94bfeb60 746fc04ae6cbc800
0x00007c9a94bfeb60:   00007c9a9cfb53a0 00007c99dc001090
0x00007c9a94bfeb70:   0000000000a3f8a0 00007c9adb69b05f
0x00007c9a94bfeb80:   0000000000b47b58 0000000000b47b78
0x00007c9a94bfeb90:   00007c9a9cfb53a0 0000000000b3e818
0x00007c9a94bfeba0:   0000000000b47b80 0000000000000007
0x00007c9a94bfebb0:   00007c9a94bfec4c 00007c9ad82c9fc0
0x00007c9a94bfebc0:   00007c9a94bfebe0 00007c99dc001090
0x00007c9a94bfebd0:   0000000000b47b38 0000000000b47b88
0x00007c9a94bfebe0:   0000000000b47728 00007c9a9cf93540
0x00007c9a94bfebf0:   00007c9a94bfec20 00000000005fc7b7
0x00007c9a94bfec00:   00007c9a9cf93540 0000000000000001
0x00007c9a94bfec10:   00007c9a9cf93540 00007c99dc001090
0x00007c9a94bfec20:   00007c9ad99ff6c0 00007c9aca5e3ccf
0x00007c9a94bfec30:   00007c9a94bfec80 0000000000599831
0x00007c9a94bfec40:   00007c99dc001090 0000000000000001
0x00007c9a94bfec50:   00000000037453f0 746fc04ae6cbc800
0x00007c9a94bfec60:   00007c9ad8304720 00007c9a94bfecc0
0x00007c9a94bfec70:   0000000000000001 0000000000551621
0x00007c9a94bfec80:   00007c9a94bfece0 0000000000000000
0x00007c9a94bfec90:   00007c9a9cf93530 00007c9ad8304720
0x00007c9a94bfeca0:   00007c99dc001090 0000000000000001
0x00007c9a94bfecb0:   00000000000000ab 00007c9ad99dfa00
0x00007c9a94bfecc0:   00007c9a94bfece0 00000000005498c5
0x00007c9a94bfecd0:   00007c9ad99dfa00 00007c99dc001090
0x00007c9a94bfece0:   00007c9a94bfee60 00000000005d7819
0x00007c9a94bfecf0:   0000000000000000 00007c99e41ff400
0x00007c9a94bfed00:   00007c9a94bfed50 ffffffffffffff78
0x00007c9a94bfed10:   0000000000000000 00007c99e41ea1c0
0x00007c9a94bfed20:   00007c9a00000000 0000000000000000
0x00007c9a94bfed30:   00007c9ad99dfa58 ffffffffffffff78 

Instructions: (pc=0x00007c9ad99f4e62)
0x00007c9ad99f4d62:   2a cd ff ff 48 89 ee 48 89 e1 4c 89 e2 48 89 c7
0x00007c9ad99f4d72:   48 8b 00 ff 90 f8 03 00 00 48 89 df 89 c5 e8 eb
0x00007c9ad99f4d82:   e1 ff ff 48 8b 44 24 18 64 48 2b 04 25 28 00 00
0x00007c9ad99f4d92:   00 75 0e 48 81 c4 d0 00 00 00 89 e8 5b 5d 41 5c
0x00007c9ad99f4da2:   c3 e8 88 cb ff ff 0f 1f 84 00 00 00 00 00 f3 0f
0x00007c9ad99f4db2:   1e fa 41 54 49 89 d4 55 48 89 f5 53 48 89 fb 48
0x00007c9ad99f4dc2:   81 ec d0 00 00 00 48 89 4c 24 38 4c 89 44 24 40
0x00007c9ad99f4dd2:   4c 89 4c 24 48 84 c0 74 37 0f 29 44 24 50 0f 29
0x00007c9ad99f4de2:   4c 24 60 0f 29 54 24 70 0f 29 9c 24 80 00 00 00
0x00007c9ad99f4df2:   0f 29 a4 24 90 00 00 00 0f 29 ac 24 a0 00 00 00
0x00007c9ad99f4e02:   0f 29 b4 24 b0 00 00 00 0f 29 bc 24 c0 00 00 00
0x00007c9ad99f4e12:   64 48 8b 04 25 28 00 00 00 48 89 44 24 18 31 c0
0x00007c9ad99f4e22:   48 8d 84 24 f0 00 00 00 c7 04 24 18 00 00 00 48
0x00007c9ad99f4e32:   89 44 24 08 48 8d 44 24 20 48 89 44 24 10 48 8b
0x00007c9ad99f4e42:   05 61 a1 00 00 c7 44 24 04 30 00 00 00 8b 38 e8
0x00007c9ad99f4e52:   3a cc ff ff 48 89 e1 4c 89 e2 48 89 ee 48 89 c7
0x00007c9ad99f4e62:   48 8b 00 ff 90 f0 01 00 00 48 89 df e8 fd e0 ff
0x00007c9ad99f4e72:   ff 48 8b 44 24 18 64 48 2b 04 25 28 00 00 00 75
0x00007c9ad99f4e82:   0c 48 81 c4 d0 00 00 00 5b 5d 41 5c c3 e8 9c ca
0x00007c9ad99f4e92:   ff ff 66 66 2e 0f 1f 84 00 00 00 00 00 90 f3 0f
0x00007c9ad99f4ea2:   1e fa 41 55 49 89 cd 41 54 49 89 d4 55 48 89 f5
0x00007c9ad99f4eb2:   53 48 89 fb 48 81 ec d8 00 00 00 4c 89 44 24 40
0x00007c9ad99f4ec2:   4c 89 4c 24 48 84 c0 74 37 0f 29 44 24 50 0f 29
0x00007c9ad99f4ed2:   4c 24 60 0f 29 54 24 70 0f 29 9c 24 80 00 00 00
0x00007c9ad99f4ee2:   0f 29 a4 24 90 00 00 00 0f 29 ac 24 a0 00 00 00
0x00007c9ad99f4ef2:   0f 29 b4 24 b0 00 00 00 0f 29 bc 24 c0 00 00 00
0x00007c9ad99f4f02:   64 48 8b 04 25 28 00 00 00 48 89 44 24 18 31 c0
0x00007c9ad99f4f12:   48 8d 84 24 00 01 00 00 c7 04 24 20 00 00 00 48
0x00007c9ad99f4f22:   89 44 24 08 48 8d 44 24 20 48 89 44 24 10 48 8b
0x00007c9ad99f4f32:   05 71 a0 00 00 c7 44 24 04 30 00 00 00 8b 38 e8
0x00007c9ad99f4f42:   4a cb ff ff 49 89 e0 4c 89 e9 4c 89 e2 48 89 c7
0x00007c9ad99f4f52:   48 8b 00 48 89 ee ff 90 e0 02 00 00 48 89 df e8 



---------------  P R O C E S S  ---------------

VM state: not at safepoint (normal execution)

VM Mutex/Monitor currently owned by a thread: None

Heap address: 0x0000000083e00000, size: 1986 MB, Compressed Oops mode: 32-bit

CDS archive(s) mapped at: [0x00007c9a43000000-0x00007c9a43bc7000-0x00007c9a43bc7000), size 12349440, SharedBaseAddress: 0x00007c9a43000000, ArchiveRelocationMode: 1.
Compressed class space mapped at: 0x00007c9a44000000-0x00007c9a84000000, reserved size: 1073741824
Narrow klass base: 0x00007c9a43000000, Narrow klass shift: 0, Narrow klass range: 0x100000000

GC Precious Log:
<Skipped>

Heap:
 garbage-first heap   total 131072K, used 34526K [0x0000000083e00000, 0x0000000100000000)
  region size 1024K, 27 young (27648K), 3 survivors (3072K)
 Metaspace       used 12024K, committed 12224K, reserved 1114112K
  class space    used 1517K, committed 1600K, reserved 1048576K

Heap Regions: E=young(eden), S=young(survivor), O=old, HS=humongous(starts), HC=humongous(continues), CS=collection set, F=free, OA=open archive, CA=closed archive, TAMS=top-at-mark-start (previous, next)
|   0|0x0000000083e00000, 0x0000000083e00000, 0x0000000083f00000|  0%| F|  |TAMS 0x0000000083e00000, 0x0000000083e00000| Untracked 
|   1|0x0000000083f00000, 0x0000000084000000, 0x0000000084000000|100%|HS|  |TAMS 0x0000000083f00000, 0x0000000083f00000| Complete 
|   2|0x0000000084000000, 0x0000000084100000, 0x0000000084100000|100%|HC|  |TAMS 0x0000000084000000, 0x0000000084000000| Complete 
|   3|0x0000000084100000, 0x0000000084200000, 0x0000000084200000|100%|HC|  |TAMS 0x0000000084100000, 0x0000000084100000| Complete 
|   4|0x0000000084200000, 0x0000000084300000, 0x0000000084300000|100%|HC|  |TAMS 0x0000000084200000, 0x0000000084200000| Complete 
|   5|0x0000000084300000, 0x0000000084400000, 0x0000000084400000|100%|HC|  |TAMS 0x0000000084300000, 0x0000000084300000| Complete 
|   6|0x0000000084400000, 0x0000000084500000, 0x0000000084500000|100%| O|  |TAMS 0x0000000084400000, 0x0000000084400000| Untracked 
|   7|0x0000000084500000, 0x0000000084583600, 0x0000000084600000| 51%| O|  |TAMS 0x0000000084500000, 0x0000000084500000| Untracked 
|   8|0x0000000084600000, 0x0000000084600000, 0x0000000084700000|  0%| F|  |TAMS 0x0000000084600000, 0x0000000084600000| Untracked 
|   9|0x0000000084700000, 0x0000000084700000, 0x0000000084800000|  0%| F|  |TAMS 0x0000000084700000, 0x0000000084700000| Untracked 
|  10|0x0000000084800000, 0x0000000084800000, 0x0000000084900000|  0%| F|  |TAMS 0x0000000084800000, 0x0000000084800000| Untracked 
|  11|0x0000000084900000, 0x0000000084900000, 0x0000000084a00000|  0%| F|  |TAMS 0x0000000084900000, 0x0000000084900000| Untracked 
|  12|0x0000000084a00000, 0x0000000084a00000, 0x0000000084b00000|  0%| F|  |TAMS 0x0000000084a00000, 0x0000000084a00000| Untracked 
|  13|0x0000000084b00000, 0x0000000084b00000, 0x0000000084c00000|  0%| F|  |TAMS 0x0000000084b00000, 0x0000000084b00000| Untracked 
|  14|0x0000000084c00000, 0x0000000084c00000, 0x0000000084d00000|  0%| F|  |TAMS 0x0000000084c00000, 0x0000000084c00000| Untracked 
|  15|0x0000000084d00000, 0x0000000084d00000, 0x0000000084e00000|  0%| F|  |TAMS 0x0000000084d00000, 0x0000000084d00000| Untracked 
|  16|0x0000000084e00000, 0x0000000084e00000, 0x0000000084f00000|  0%| F|  |TAMS 0x0000000084e00000, 0x0000000084e00000| Untracked 
|  17|0x0000000084f00000, 0x0000000084f00000, 0x0000000085000000|  0%| F|  |TAMS 0x0000000084f00000, 0x0000000084f00000| Untracked 
|  18|0x0000000085000000, 0x0000000085000000, 0x0000000085100000|  0%| F|  |TAMS 0x0000000085000000, 0x0000000085000000| Untracked 
|  19|0x0000000085100000, 0x0000000085100000, 0x0000000085200000|  0%| F|  |TAMS 0x0000000085100000, 0x0000000085100000| Untracked 
|  20|0x0000000085200000, 0x0000000085200000, 0x0000000085300000|  0%| F|  |TAMS 0x0000000085200000, 0x0000000085200000| Untracked 
|  21|0x0000000085300000, 0x0000000085300000, 0x0000000085400000|  0%| F|  |TAMS 0x0000000085300000, 0x0000000085300000| Untracked 
|  22|0x0000000085400000, 0x0000000085400000, 0x0000000085500000|  0%| F|  |TAMS 0x0000000085400000, 0x0000000085400000| Untracked 
|  23|0x0000000085500000, 0x0000000085500000, 0x0000000085600000|  0%| F|  |TAMS 0x0000000085500000, 0x0000000085500000| Untracked 
|  24|0x0000000085600000, 0x0000000085600000, 0x0000000085700000|  0%| F|  |TAMS 0x0000000085600000, 0x0000000085600000| Untracked 
|  25|0x0000000085700000, 0x0000000085700000, 0x0000000085800000|  0%| F|  |TAMS 0x0000000085700000, 0x0000000085700000| Untracked 
|  26|0x0000000085800000, 0x0000000085800000, 0x0000000085900000|  0%| F|  |TAMS 0x0000000085800000, 0x0000000085800000| Untracked 
|  27|0x0000000085900000, 0x0000000085900000, 0x0000000085a00000|  0%| F|  |TAMS 0x0000000085900000, 0x0000000085900000| Untracked 
|  28|0x0000000085a00000, 0x0000000085a00000, 0x0000000085b00000|  0%| F|  |TAMS 0x0000000085a00000, 0x0000000085a00000| Untracked 
|  29|0x0000000085b00000, 0x0000000085b00000, 0x0000000085c00000|  0%| F|  |TAMS 0x0000000085b00000, 0x0000000085b00000| Untracked 
|  30|0x0000000085c00000, 0x0000000085c00000, 0x0000000085d00000|  0%| F|  |TAMS 0x0000000085c00000, 0x0000000085c00000| Untracked 
|  31|0x0000000085d00000, 0x0000000085d00000, 0x0000000085e00000|  0%| F|  |TAMS 0x0000000085d00000, 0x0000000085d00000| Untracked 
|  32|0x0000000085e00000, 0x0000000085e00000, 0x0000000085f00000|  0%| F|  |TAMS 0x0000000085e00000, 0x0000000085e00000| Untracked 
|  33|0x0000000085f00000, 0x0000000085f00000, 0x0000000086000000|  0%| F|  |TAMS 0x0000000085f00000, 0x0000000085f00000| Untracked 
|  34|0x0000000086000000, 0x0000000086000000, 0x0000000086100000|  0%| F|  |TAMS 0x0000000086000000, 0x0000000086000000| Untracked 
|  35|0x0000000086100000, 0x0000000086100000, 0x0000000086200000|  0%| F|  |TAMS 0x0000000086100000, 0x0000000086100000| Untracked 
|  36|0x0000000086200000, 0x0000000086200000, 0x0000000086300000|  0%| F|  |TAMS 0x0000000086200000, 0x0000000086200000| Untracked 
|  37|0x0000000086300000, 0x0000000086300000, 0x0000000086400000|  0%| F|  |TAMS 0x0000000086300000, 0x0000000086300000| Untracked 
|  38|0x0000000086400000, 0x0000000086400000, 0x0000000086500000|  0%| F|  |TAMS 0x0000000086400000, 0x0000000086400000| Untracked 
|  39|0x0000000086500000, 0x0000000086500000, 0x0000000086600000|  0%| F|  |TAMS 0x0000000086500000, 0x0000000086500000| Untracked 
|  40|0x0000000086600000, 0x0000000086600000, 0x0000000086700000|  0%| F|  |TAMS 0x0000000086600000, 0x0000000086600000| Untracked 
|  41|0x0000000086700000, 0x0000000086700000, 0x0000000086800000|  0%| F|  |TAMS 0x0000000086700000, 0x0000000086700000| Untracked 
|  42|0x0000000086800000, 0x0000000086800000, 0x0000000086900000|  0%| F|  |TAMS 0x0000000086800000, 0x0000000086800000| Untracked 
|  43|0x0000000086900000, 0x0000000086900000, 0x0000000086a00000|  0%| F|  |TAMS 0x0000000086900000, 0x0000000086900000| Untracked 
|  44|0x0000000086a00000, 0x0000000086a00000, 0x0000000086b00000|  0%| F|  |TAMS 0x0000000086a00000, 0x0000000086a00000| Untracked 
|  45|0x0000000086b00000, 0x0000000086b00000, 0x0000000086c00000|  0%| F|  |TAMS 0x0000000086b00000, 0x0000000086b00000| Untracked 
|  46|0x0000000086c00000, 0x0000000086c00000, 0x0000000086d00000|  0%| F|  |TAMS 0x0000000086c00000, 0x0000000086c00000| Untracked 
|  47|0x0000000086d00000, 0x0000000086d00000, 0x0000000086e00000|  0%| F|  |TAMS 0x0000000086d00000, 0x0000000086d00000| Untracked 
|  48|0x0000000086e00000, 0x0000000086e00000, 0x0000000086f00000|  0%| F|  |TAMS 0x0000000086e00000, 0x0000000086e00000| Untracked 
|  49|0x0000000086f00000, 0x0000000086f00000, 0x0000000087000000|  0%| F|  |TAMS 0x0000000086f00000, 0x0000000086f00000| Untracked 
|  50|0x0000000087000000, 0x0000000087000000, 0x0000000087100000|  0%| F|  |TAMS 0x0000000087000000, 0x0000000087000000| Untracked 
|  51|0x0000000087100000, 0x0000000087100000, 0x0000000087200000|  0%| F|  |TAMS 0x0000000087100000, 0x0000000087100000| Untracked 
|  52|0x0000000087200000, 0x0000000087200000, 0x0000000087300000|  0%| F|  |TAMS 0x0000000087200000, 0x0000000087200000| Untracked 
|  53|0x0000000087300000, 0x0000000087300000, 0x0000000087400000|  0%| F|  |TAMS 0x0000000087300000, 0x0000000087300000| Untracked 
|  54|0x0000000087400000, 0x0000000087400000, 0x0000000087500000|  0%| F|  |TAMS 0x0000000087400000, 0x0000000087400000| Untracked 
|  55|0x0000000087500000, 0x0000000087500000, 0x0000000087600000|  0%| F|  |TAMS 0x0000000087500000, 0x0000000087500000| Untracked 
|  56|0x0000000087600000, 0x0000000087600000, 0x0000000087700000|  0%| F|  |TAMS 0x0000000087600000, 0x0000000087600000| Untracked 
|  57|0x0000000087700000, 0x0000000087700000, 0x0000000087800000|  0%| F|  |TAMS 0x0000000087700000, 0x0000000087700000| Untracked 
|  58|0x0000000087800000, 0x0000000087800000, 0x0000000087900000|  0%| F|  |TAMS 0x0000000087800000, 0x0000000087800000| Untracked 
|  59|0x0000000087900000, 0x0000000087900000, 0x0000000087a00000|  0%| F|  |TAMS 0x0000000087900000, 0x0000000087900000| Untracked 
|  60|0x0000000087a00000, 0x0000000087a00000, 0x0000000087b00000|  0%| F|  |TAMS 0x0000000087a00000, 0x0000000087a00000| Untracked 
|  61|0x0000000087b00000, 0x0000000087b00000, 0x0000000087c00000|  0%| F|  |TAMS 0x0000000087b00000, 0x0000000087b00000| Untracked 
|  62|0x0000000087c00000, 0x0000000087c00000, 0x0000000087d00000|  0%| F|  |TAMS 0x0000000087c00000, 0x0000000087c00000| Untracked 
|  63|0x0000000087d00000, 0x0000000087d00000, 0x0000000087e00000|  0%| F|  |TAMS 0x0000000087d00000, 0x0000000087d00000| Untracked 
|  64|0x0000000087e00000, 0x0000000087e00000, 0x0000000087f00000|  0%| F|  |TAMS 0x0000000087e00000, 0x0000000087e00000| Untracked 
|  65|0x0000000087f00000, 0x0000000087f00000, 0x0000000088000000|  0%| F|  |TAMS 0x0000000087f00000, 0x0000000087f00000| Untracked 
|  66|0x0000000088000000, 0x0000000088000000, 0x0000000088100000|  0%| F|  |TAMS 0x0000000088000000, 0x0000000088000000| Untracked 
|  67|0x0000000088100000, 0x0000000088100000, 0x0000000088200000|  0%| F|  |TAMS 0x0000000088100000, 0x0000000088100000| Untracked 
|  68|0x0000000088200000, 0x0000000088200000, 0x0000000088300000|  0%| F|  |TAMS 0x0000000088200000, 0x0000000088200000| Untracked 
|  69|0x0000000088300000, 0x0000000088300000, 0x0000000088400000|  0%| F|  |TAMS 0x0000000088300000, 0x0000000088300000| Untracked 
|  70|0x0000000088400000, 0x0000000088400000, 0x0000000088500000|  0%| F|  |TAMS 0x0000000088400000, 0x0000000088400000| Untracked 
|  71|0x0000000088500000, 0x0000000088500000, 0x0000000088600000|  0%| F|  |TAMS 0x0000000088500000, 0x0000000088500000| Untracked 
|  72|0x0000000088600000, 0x0000000088600000, 0x0000000088700000|  0%| F|  |TAMS 0x0000000088600000, 0x0000000088600000| Untracked 
|  73|0x0000000088700000, 0x0000000088700000, 0x0000000088800000|  0%| F|  |TAMS 0x0000000088700000, 0x0000000088700000| Untracked 
|  74|0x0000000088800000, 0x0000000088800000, 0x0000000088900000|  0%| F|  |TAMS 0x0000000088800000, 0x0000000088800000| Untracked 
|  75|0x0000000088900000, 0x0000000088900000, 0x0000000088a00000|  0%| F|  |TAMS 0x0000000088900000, 0x0000000088900000| Untracked 
|  76|0x0000000088a00000, 0x0000000088a00000, 0x0000000088b00000|  0%| F|  |TAMS 0x0000000088a00000, 0x0000000088a00000| Untracked 
|  77|0x0000000088b00000, 0x0000000088b00000, 0x0000000088c00000|  0%| F|  |TAMS 0x0000000088b00000, 0x0000000088b00000| Untracked 
|  78|0x0000000088c00000, 0x0000000088c00000, 0x0000000088d00000|  0%| F|  |TAMS 0x0000000088c00000, 0x0000000088c00000| Untracked 
|  79|0x0000000088d00000, 0x0000000088d00000, 0x0000000088e00000|  0%| F|  |TAMS 0x0000000088d00000, 0x0000000088d00000| Untracked 
|  80|0x0000000088e00000, 0x0000000088e00000, 0x0000000088f00000|  0%| F|  |TAMS 0x0000000088e00000, 0x0000000088e00000| Untracked 
|  81|0x0000000088f00000, 0x0000000088f00000, 0x0000000089000000|  0%| F|  |TAMS 0x0000000088f00000, 0x0000000088f00000| Untracked 
|  82|0x0000000089000000, 0x0000000089000000, 0x0000000089100000|  0%| F|  |TAMS 0x0000000089000000, 0x0000000089000000| Untracked 
|  83|0x0000000089100000, 0x0000000089100000, 0x0000000089200000|  0%| F|  |TAMS 0x0000000089100000, 0x0000000089100000| Untracked 
|  84|0x0000000089200000, 0x0000000089200000, 0x0000000089300000|  0%| F|  |TAMS 0x0000000089200000, 0x0000000089200000| Untracked 
|  85|0x0000000089300000, 0x0000000089300000, 0x0000000089400000|  0%| F|  |TAMS 0x0000000089300000, 0x0000000089300000| Untracked 
|  86|0x0000000089400000, 0x0000000089400000, 0x0000000089500000|  0%| F|  |TAMS 0x0000000089400000, 0x0000000089400000| Untracked 
|  87|0x0000000089500000, 0x0000000089500000, 0x0000000089600000|  0%| F|  |TAMS 0x0000000089500000, 0x0000000089500000| Untracked 
|  88|0x0000000089600000, 0x0000000089600000, 0x0000000089700000|  0%| F|  |TAMS 0x0000000089600000, 0x0000000089600000| Untracked 
|  89|0x0000000089700000, 0x0000000089700000, 0x0000000089800000|  0%| F|  |TAMS 0x0000000089700000, 0x0000000089700000| Untracked 
|  90|0x0000000089800000, 0x0000000089800000, 0x0000000089900000|  0%| F|  |TAMS 0x0000000089800000, 0x0000000089800000| Untracked 
|  91|0x0000000089900000, 0x0000000089900000, 0x0000000089a00000|  0%| F|  |TAMS 0x0000000089900000, 0x0000000089900000| Untracked 
|  92|0x0000000089a00000, 0x0000000089a00000, 0x0000000089b00000|  0%| F|  |TAMS 0x0000000089a00000, 0x0000000089a00000| Untracked 
|  93|0x0000000089b00000, 0x0000000089b00000, 0x0000000089c00000|  0%| F|  |TAMS 0x0000000089b00000, 0x0000000089b00000| Untracked 
|  94|0x0000000089c00000, 0x0000000089c00000, 0x0000000089d00000|  0%| F|  |TAMS 0x0000000089c00000, 0x0000000089c00000| Untracked 
|  95|0x0000000089d00000, 0x0000000089d00000, 0x0000000089e00000|  0%| F|  |TAMS 0x0000000089d00000, 0x0000000089d00000| Untracked 
|  96|0x0000000089e00000, 0x0000000089e00000, 0x0000000089f00000|  0%| F|  |TAMS 0x0000000089e00000, 0x0000000089e00000| Untracked 
|  97|0x0000000089f00000, 0x0000000089f00000, 0x000000008a000000|  0%| F|  |TAMS 0x0000000089f00000, 0x0000000089f00000| Untracked 
|  98|0x000000008a000000, 0x000000008a000000, 0x000000008a100000|  0%| F|  |TAMS 0x000000008a000000, 0x000000008a000000| Untracked 
|  99|0x000000008a100000, 0x000000008a1482f0, 0x000000008a200000| 28%| E|  |TAMS 0x000000008a100000, 0x000000008a100000| Complete 
| 100|0x000000008a200000, 0x000000008a300000, 0x000000008a300000|100%| S|CS|TAMS 0x000000008a200000, 0x000000008a200000| Complete 
| 101|0x000000008a300000, 0x000000008a400000, 0x000000008a400000|100%| S|CS|TAMS 0x000000008a300000, 0x000000008a300000| Complete 
| 102|0x000000008a400000, 0x000000008a500000, 0x000000008a500000|100%| S|CS|TAMS 0x000000008a400000, 0x000000008a400000| Complete 
| 103|0x000000008a500000, 0x000000008a600000, 0x000000008a600000|100%| E|CS|TAMS 0x000000008a500000, 0x000000008a500000| Complete 
| 104|0x000000008a600000, 0x000000008a700000, 0x000000008a700000|100%| E|CS|TAMS 0x000000008a600000, 0x000000008a600000| Complete 
| 105|0x000000008a700000, 0x000000008a800000, 0x000000008a800000|100%| E|CS|TAMS 0x000000008a700000, 0x000000008a700000| Complete 
| 106|0x000000008a800000, 0x000000008a900000, 0x000000008a900000|100%| E|CS|TAMS 0x000000008a800000, 0x000000008a800000| Complete 
| 107|0x000000008a900000, 0x000000008aa00000, 0x000000008aa00000|100%| E|CS|TAMS 0x000000008a900000, 0x000000008a900000| Complete 
| 108|0x000000008aa00000, 0x000000008ab00000, 0x000000008ab00000|100%| E|CS|TAMS 0x000000008aa00000, 0x000000008aa00000| Complete 
| 109|0x000000008ab00000, 0x000000008ac00000, 0x000000008ac00000|100%| E|CS|TAMS 0x000000008ab00000, 0x000000008ab00000| Complete 
| 110|0x000000008ac00000, 0x000000008ad00000, 0x000000008ad00000|100%| E|CS|TAMS 0x000000008ac00000, 0x000000008ac00000| Complete 
| 111|0x000000008ad00000, 0x000000008ae00000, 0x000000008ae00000|100%| E|CS|TAMS 0x000000008ad00000, 0x000000008ad00000| Complete 
| 112|0x000000008ae00000, 0x000000008af00000, 0x000000008af00000|100%| E|CS|TAMS 0x000000008ae00000, 0x000000008ae00000| Complete 
| 113|0x000000008af00000, 0x000000008b000000, 0x000000008b000000|100%| E|CS|TAMS 0x000000008af00000, 0x000000008af00000| Complete 
| 114|0x000000008b000000, 0x000000008b100000, 0x000000008b100000|100%| E|CS|TAMS 0x000000008b000000, 0x000000008b000000| Complete 
| 115|0x000000008b100000, 0x000000008b200000, 0x000000008b200000|100%| E|CS|TAMS 0x000000008b100000, 0x000000008b100000| Complete 
| 116|0x000000008b200000, 0x000000008b300000, 0x000000008b300000|100%| E|CS|TAMS 0x000000008b200000, 0x000000008b200000| Complete 
| 117|0x000000008b300000, 0x000000008b400000, 0x000000008b400000|100%| E|CS|TAMS 0x000000008b300000, 0x000000008b300000| Complete 
| 118|0x000000008b400000, 0x000000008b500000, 0x000000008b500000|100%| E|CS|TAMS 0x000000008b400000, 0x000000008b400000| Complete 
| 119|0x000000008b500000, 0x000000008b600000, 0x000000008b600000|100%| E|CS|TAMS 0x000000008b500000, 0x000000008b500000| Complete 
| 120|0x000000008b600000, 0x000000008b700000, 0x000000008b700000|100%| E|CS|TAMS 0x000000008b600000, 0x000000008b600000| Complete 
| 121|0x000000008b700000, 0x000000008b800000, 0x000000008b800000|100%| E|CS|TAMS 0x000000008b700000, 0x000000008b700000| Complete 
| 122|0x000000008b800000, 0x000000008b900000, 0x000000008b900000|100%| E|CS|TAMS 0x000000008b800000, 0x000000008b800000| Complete 
| 123|0x000000008b900000, 0x000000008ba00000, 0x000000008ba00000|100%| E|CS|TAMS 0x000000008b900000, 0x000000008b900000| Complete 
| 124|0x000000008ba00000, 0x000000008bb00000, 0x000000008bb00000|100%| E|CS|TAMS 0x000000008ba00000, 0x000000008ba00000| Complete 
| 125|0x000000008bb00000, 0x000000008bc00000, 0x000000008bc00000|100%| E|CS|TAMS 0x000000008bb00000, 0x000000008bb00000| Complete 
|1984|0x00000000ffe00000, 0x00000000ffe75000, 0x00000000fff00000| 45%|OA|  |TAMS 0x00000000ffe00000, 0x00000000ffe00000| Untracked 
|1985|0x00000000fff00000, 0x00000000fff77000, 0x0000000100000000| 46%|CA|  |TAMS 0x00000000fff00000, 0x00000000fff00000| Untracked 

Card table byte_map: [0x00007c9ac8e00000,0x00007c9ac91e1000] _byte_map_base: 0x00007c9ac89e1000

Marking Bits (Prev, Next): (CMBitMap*) 0x00000000037f8630, (CMBitMap*) 0x00000000037f8670
 Prev Bits: [0x00007c9a9f400000, 0x00007c9aa1308000)
 Next Bits: [0x00007c9a9d400000, 0x00007c9a9f308000)

Polling page: 0x00007c9adbadc000

Metaspace:

Usage:
  Non-class:     10.26 MB used.
      Class:      1.48 MB used.
       Both:     11.74 MB used.

Virtual space:
  Non-class space:       64.00 MB reserved,      10.38 MB ( 16%) committed,  1 nodes.
      Class space:        1.00 GB reserved,       1.56 MB ( <1%) committed,  1 nodes.
             Both:        1.06 GB reserved,      11.94 MB (  1%) committed. 

Chunk freelists:
   Non-Class:  4.04 MB
       Class:  14.47 MB
        Both:  18.52 MB

MaxMetaspaceSize: unlimited
CompressedClassSpaceSize: 1.00 GB
Initial GC threshold: 21.00 MB
Current GC threshold: 21.00 MB
CDS: on
MetaspaceReclaimPolicy: balanced
 - commit_granule_bytes: 65536.
 - commit_granule_words: 8192.
 - virtual_space_node_default_size: 8388608.
 - enlarge_chunks_in_place: 1.
 - new_chunks_are_fully_committed: 0.
 - uncommit_free_chunks: 1.
 - use_allocation_guard: 0.
 - handle_deallocations: 1.


Internal statistics:

num_allocs_failed_limit: 0.
num_arena_births: 126.
num_arena_deaths: 0.
num_vsnodes_births: 2.
num_vsnodes_deaths: 0.
num_space_committed: 191.
num_space_uncommitted: 0.
num_chunks_returned_to_freelist: 0.
num_chunks_taken_from_freelist: 522.
num_chunk_merges: 0.
num_chunk_splits: 375.
num_chunks_enlarged: 311.
num_inconsistent_stats: 0.

CodeHeap 'non-profiled nmethods': size=120028Kb used=473Kb max_used=473Kb free=119554Kb
 bounds [0x00007c9aa8ec9000, 0x00007c9aa9139000, 0x00007c9ab0400000]
CodeHeap 'profiled nmethods': size=120028Kb used=2260Kb max_used=2260Kb free=117767Kb
 bounds [0x00007c9aa1400000, 0x00007c9aa1670000, 0x00007c9aa8937000]
CodeHeap 'non-nmethods': size=5704Kb used=1232Kb max_used=1266Kb free=4471Kb
 bounds [0x00007c9aa8937000, 0x00007c9aa8ba7000, 0x00007c9aa8ec9000]
 total_blobs=1766 nmethods=1214 adapters=467
 compilation: enabled
              stopped_count=0, restarted_count=0
 full_count=0

Compilation events (20 events):
Event: 10.525 Thread 0x00000000039cf050 1205       3       java.util.HashMap::containsKey (14 bytes)
Event: 10.526 Thread 0x00000000039cf050 nmethod 1205 0x00007c9aa1629310 code [0x00007c9aa16294c0, 0x00007c9aa1629660]
Event: 10.526 Thread 0x00000000039cf050 1206       3       java.nio.DirectByteBufferR::slice (74 bytes)
Event: 10.526 Thread 0x00000000039cf050 nmethod 1206 0x00007c9aa1629710 code [0x00007c9aa16298c0, 0x00007c9aa1629b80]
Event: 10.526 Thread 0x00000000039cf050 1207       3       org.apache.lucene.codecs.CodecUtil::checkIndexHeaderSuffix (66 bytes)
Event: 10.526 Thread 0x00000000039cf050 nmethod 1207 0x00007c9aa1629c90 code [0x00007c9aa1629ea0, 0x00007c9aa162a450]
Event: 10.526 Thread 0x00000000039cf050 1209       3       org.apache.lucene.store.ByteBufferIndexInput::buildSlice (98 bytes)
Event: 10.526 Thread 0x00000000039cf050 nmethod 1209 0x00007c9aa162a690 code [0x00007c9aa162a880, 0x00007c9aa162af00]
Event: 10.526 Thread 0x00000000039cf050 1208       3       org.apache.lucene.store.ByteBufferIndexInput::buildSlice (71 bytes)
Event: 10.529 Thread 0x00000000039cf050 nmethod 1208 0x00007c9aa162b190 code [0x00007c9aa162b5e0, 0x00007c9aa162e010]
Event: 10.529 Thread 0x00000000039cf050 1210       3       java.nio.DirectByteBufferR::duplicate (5 bytes)
Event: 10.530 Thread 0x00000000039cf050 nmethod 1210 0x00007c9aa162ec90 code [0x00007c9aa162ee40, 0x00007c9aa162ef80]
Event: 10.530 Thread 0x00000000039cf050 1211       3       java.nio.DirectByteBufferR::duplicate (38 bytes)
Event: 10.530 Thread 0x00000000039cf050 nmethod 1211 0x00007c9aa162f010 code [0x00007c9aa162f1c0, 0x00007c9aa162f440]
Event: 10.530 Thread 0x00000000039cf050 1212       3       org.apache.lucene.store.IndexInput::getFullSliceDescription (20 bytes)
Event: 10.532 Thread 0x00000000039cf050 nmethod 1212 0x00007c9aa162f510 code [0x00007c9aa162f920, 0x00007c9aa1631fd0]
Event: 10.532 Thread 0x00000000039cf050 1213       3       org.apache.lucene.index.FieldInfo::checkConsistency (474 bytes)
Event: 10.532 Thread 0x00000000039cdae0 1214       4       java.lang.String::checkBoundsOffCount (64 bytes)
Event: 10.533 Thread 0x00000000039cf050 nmethod 1213 0x00007c9aa1632b10 code [0x00007c9aa1632f60, 0x00007c9aa1634980]
Event: 10.533 Thread 0x00000000039cdae0 nmethod 1214 0x00007c9aa8f3f490 code [0x00007c9aa8f3f620, 0x00007c9aa8f3f6d8]

GC Heap History (2 events):
Event: 0.441 GC heap before
{Heap before GC invocations=0 (full 0):
 garbage-first heap   total 131072K, used 29616K [0x0000000083e00000, 0x0000000100000000)
  region size 1024K, 23 young (23552K), 0 survivors (0K)
 Metaspace       used 5978K, committed 6144K, reserved 1114112K
  class space    used 753K, committed 832K, reserved 1048576K
}
Event: 0.446 GC heap after
{Heap after GC invocations=1 (full 0):
 garbage-first heap   total 131072K, used 10685K [0x0000000083e00000, 0x0000000100000000)
  region size 1024K, 3 young (3072K), 3 survivors (3072K)
 Metaspace       used 5978K, committed 6144K, reserved 1114112K
  class space    used 753K, committed 832K, reserved 1048576K
}

Dll operation events (8 events):
Event: 0.004 Loaded shared library /usr/lib/jvm/temurin-17-jdk-amd64/lib/libjava.so
Event: 0.029 Loaded shared library /usr/lib/jvm/temurin-17-jdk-amd64/lib/libjsvml.so
Event: 0.052 Loaded shared library /usr/lib/jvm/temurin-17-jdk-amd64/lib/libnio.so
Event: 0.057 Loaded shared library /usr/lib/jvm/temurin-17-jdk-amd64/lib/libzip.so
Event: 0.267 Loaded shared library /usr/lib/jvm/temurin-17-jdk-amd64/lib/libjimage.so
Event: 0.298 Loaded shared library /usr/lib/jvm/temurin-17-jdk-amd64/lib/libmanagement.so
Event: 0.302 Loaded shared library /usr/lib/jvm/temurin-17-jdk-amd64/lib/libmanagement_ext.so
Event: 0.421 Loaded shared library /usr/lib/jvm/temurin-17-jdk-amd64/lib/libnet.so

Deoptimization events (20 events):
Event: 0.662 Thread 0x00000000037a91e0 Uncommon trap: trap_request=0xffffffde fr.pc=0x00007c9aa8f08a30 relative=0x0000000000000270
Event: 0.662 Thread 0x00000000037a91e0 Uncommon trap: reason=class_check action=maybe_recompile pc=0x00007c9aa8f08a30 method=java.util.HashMap.getNode(Ljava/lang/Object;)Ljava/util/HashMap$Node; @ 63 c2
Event: 0.662 Thread 0x00000000037a91e0 DEOPT PACKING pc=0x00007c9aa8f08a30 sp=0x00007ffddab9fed0
Event: 0.662 Thread 0x00000000037a91e0 DEOPT UNPACKING pc=0x00007c9aa898d693 sp=0x00007ffddab9fe58 mode 2
Event: 0.738 Thread 0x00000000037a91e0 Uncommon trap: trap_request=0xffffffde fr.pc=0x00007c9aa8f2f2a8 relative=0x0000000000000108
Event: 0.738 Thread 0x00000000037a91e0 Uncommon trap: reason=class_check action=maybe_recompile pc=0x00007c9aa8f2f2a8 method=jdk.internal.misc.Unsafe.allocateUninitializedArray(Ljava/lang/Class;I)Ljava/lang/Object; @ 51 c2
Event: 0.738 Thread 0x00000000037a91e0 DEOPT PACKING pc=0x00007c9aa8f2f2a8 sp=0x00007ffddaba16f0
Event: 0.738 Thread 0x00000000037a91e0 DEOPT UNPACKING pc=0x00007c9aa898d693 sp=0x00007ffddaba1698 mode 2
Event: 0.738 Thread 0x00000000037a91e0 Uncommon trap: trap_request=0xffffffde fr.pc=0x00007c9aa8f2f2a8 relative=0x0000000000000108
Event: 0.738 Thread 0x00000000037a91e0 Uncommon trap: reason=class_check action=maybe_recompile pc=0x00007c9aa8f2f2a8 method=jdk.internal.misc.Unsafe.allocateUninitializedArray(Ljava/lang/Class;I)Ljava/lang/Object; @ 51 c2
Event: 0.738 Thread 0x00000000037a91e0 DEOPT PACKING pc=0x00007c9aa8f2f2a8 sp=0x00007ffddaba12f0
Event: 0.738 Thread 0x00000000037a91e0 DEOPT UNPACKING pc=0x00007c9aa898d693 sp=0x00007ffddaba1298 mode 2
Event: 0.738 Thread 0x00000000037a91e0 Uncommon trap: trap_request=0xffffffde fr.pc=0x00007c9aa8f2f2a8 relative=0x0000000000000108
Event: 0.738 Thread 0x00000000037a91e0 Uncommon trap: reason=class_check action=maybe_recompile pc=0x00007c9aa8f2f2a8 method=jdk.internal.misc.Unsafe.allocateUninitializedArray(Ljava/lang/Class;I)Ljava/lang/Object; @ 51 c2
Event: 0.738 Thread 0x00000000037a91e0 DEOPT PACKING pc=0x00007c9aa8f2f2a8 sp=0x00007ffddab9e0a0
Event: 0.738 Thread 0x00000000037a91e0 DEOPT UNPACKING pc=0x00007c9aa898d693 sp=0x00007ffddab9e048 mode 2
Event: 0.738 Thread 0x00000000037a91e0 Uncommon trap: trap_request=0xffffffde fr.pc=0x00007c9aa8f2f2a8 relative=0x0000000000000108
Event: 0.738 Thread 0x00000000037a91e0 Uncommon trap: reason=class_check action=maybe_recompile pc=0x00007c9aa8f2f2a8 method=jdk.internal.misc.Unsafe.allocateUninitializedArray(Ljava/lang/Class;I)Ljava/lang/Object; @ 51 c2
Event: 0.738 Thread 0x00000000037a91e0 DEOPT PACKING pc=0x00007c9aa8f2f2a8 sp=0x00007ffddab9dca0
Event: 0.738 Thread 0x00000000037a91e0 DEOPT UNPACKING pc=0x00007c9aa898d693 sp=0x00007ffddab9dc48 mode 2

Classes loaded (20 events):
Event: 0.758 Loading class jdk/internal/reflect/ClassFileAssembler
Event: 0.759 Loading class jdk/internal/reflect/ClassFileAssembler done
Event: 0.759 Loading class jdk/internal/reflect/UTF8
Event: 0.759 Loading class jdk/internal/reflect/UTF8 done
Event: 0.759 Loading class jdk/internal/reflect/Label
Event: 0.759 Loading class jdk/internal/reflect/Label done
Event: 0.759 Loading class jdk/internal/reflect/Label$PatchInfo
Event: 0.759 Loading class jdk/internal/reflect/Label$PatchInfo done
Event: 0.760 Loading class jdk/internal/reflect/MethodAccessorGenerator$1
Event: 0.760 Loading class jdk/internal/reflect/MethodAccessorGenerator$1 done
Event: 0.760 Loading class jdk/internal/reflect/ClassDefiner
Event: 0.760 Loading class jdk/internal/reflect/ClassDefiner done
Event: 0.760 Loading class jdk/internal/reflect/ClassDefiner$1
Event: 0.760 Loading class jdk/internal/reflect/ClassDefiner$1 done
Event: 0.760 Loading class jdk/internal/reflect/BootstrapConstructorAccessorImpl
Event: 0.760 Loading class jdk/internal/reflect/BootstrapConstructorAccessorImpl done
Event: 0.806 Loading class java/util/ConcurrentModificationException
Event: 0.806 Loading class java/util/ConcurrentModificationException done
Event: 0.807 Loading class java/lang/ThreadLocal$SuppliedThreadLocal
Event: 0.807 Loading class java/lang/ThreadLocal$SuppliedThreadLocal done

Classes unloaded (0 events):
No events

Classes redefined (0 events):
No events

Internal exceptions (20 events):
Event: 0.319 Thread 0x00000000037a91e0 Exception <a 'java/lang/reflect/InvocationTargetException'{0x000000008ac1dc00}> (0x000000008ac1dc00) 
thrown [src/hotspot/share/runtime/reflection.cpp, line 1126]
Event: 0.324 Thread 0x00000000037a91e0 Exception <a 'java/lang/NoSuchMethodError'{0x000000008ac3b488}: 'java.lang.Object java.lang.invoke.DirectMethodHandle$Holder.invokeStatic(java.lang.Object, java.lang.Object, int)'> (0x000000008ac3b488) 
thrown [src/hotspot/share/interpreter/linkResolver.cpp, line 758]
Event: 0.325 Thread 0x00000000037a91e0 Exception <a 'java/lang/NoSuchMethodError'{0x000000008ac47140}: 'void java.lang.invoke.DelegatingMethodHandle$Holder.delegate(java.lang.Object, java.lang.Object, int, java.lang.Object)'> (0x000000008ac47140) 
thrown [src/hotspot/share/interpreter/linkResolver.cpp, line 758]
Event: 0.380 Thread 0x00000000037a91e0 Exception <a 'java/lang/NoSuchMethodError'{0x000000008a858200}: 'void java.lang.invoke.DirectMethodHandle$Holder.invokeInterface(java.lang.Object, java.lang.Object, int)'> (0x000000008a858200) 
thrown [src/hotspot/share/interpreter/linkResolver.cpp, line 758]
Event: 0.381 Thread 0x00000000037a91e0 Exception <a 'java/lang/IncompatibleClassChangeError'{0x000000008a85b850}: Found class java.lang.Object, but interface was expected> (0x000000008a85b850) 
thrown [src/hotspot/share/interpreter/linkResolver.cpp, line 826]
Event: 0.447 Thread 0x00000000037a91e0 Exception <a 'java/lang/NoSuchMethodError'{0x000000008bb0e3f0}: 'void java.lang.invoke.DirectMethodHandle$Holder.invokeStatic(java.lang.Object, java.lang.Object)'> (0x000000008bb0e3f0) 
thrown [src/hotspot/share/interpreter/linkResolver.cpp, line 758]
Event: 0.448 Thread 0x00000000037a91e0 Exception <a 'java/lang/NoSuchMethodError'{0x000000008bb11948}: 'void java.lang.invoke.DirectMethodHandle$Holder.invokeStaticInit(java.lang.Object, java.lang.Object)'> (0x000000008bb11948) 
thrown [src/hotspot/share/interpreter/linkResolver.cpp, line 758]
Event: 0.470 Thread 0x00000000037a91e0 Exception <a 'java/lang/NoSuchMethodError'{0x000000008b9250a8}: 'int java.lang.invoke.DirectMethodHandle$Holder.invokeStaticInit(java.lang.Object, java.lang.Object)'> (0x000000008b9250a8) 
thrown [src/hotspot/share/interpreter/linkResolver.cpp, line 758]
Event: 0.478 Thread 0x00000000037a91e0 Exception <a 'java/lang/NoSuchMethodError'{0x000000008b9c9fd0}: 'double java.lang.invoke.DirectMethodHandle$Holder.invokeStaticInit(java.lang.Object, java.lang.Object, java.lang.Object)'> (0x000000008b9c9fd0) 
thrown [src/hotspot/share/interpreter/linkResolver.cpp, line 758]
Event: 0.485 Thread 0x00000000037a91e0 Exception <a 'java/lang/NoSuchMethodError'{0x000000008b8821a0}: 'float java.lang.invoke.DirectMethodHandle$Holder.invokeStatic(java.lang.Object, java.lang.Object)'> (0x000000008b8821a0) 
thrown [src/hotspot/share/interpreter/linkResolver.cpp, line 758]
Event: 0.485 Thread 0x00000000037a91e0 Exception <a 'java/lang/NoSuchMethodError'{0x000000008b885810}: 'float java.lang.invoke.DirectMethodHandle$Holder.invokeStaticInit(java.lang.Object, java.lang.Object)'> (0x000000008b885810) 
thrown [src/hotspot/share/interpreter/linkResolver.cpp, line 758]
Event: 0.497 Thread 0x00000000037a91e0 Exception <a 'java/lang/NoSuchMethodError'{0x000000008b79a150}: 'java.lang.Object java.lang.invoke.DirectMethodHandle$Holder.invokeInterface(java.lang.Object, java.lang.Object)'> (0x000000008b79a150) 
thrown [src/hotspot/share/interpreter/linkResolver.cpp, line 758]
Event: 0.532 Thread 0x00000000037a91e0 Exception <a 'java/lang/NoSuchMethodError'{0x000000008b5bcd90}: 'java.lang.Object java.lang.invoke.Invokers$Holder.invokeExact_MT(java.lang.Object, java.lang.Object, java.lang.Object, java.lang.Object, java.lang.Object, java.lang.Object)'> (0x000000008b5bcd90) 
thrown [src/hotspot/share/interpreter/linkResolver.cpp, line 758]
Event: 0.539 Thread 0x00000000037a91e0 Exception <a 'java/lang/NoSuchMethodError'{0x000000008b40b948}: 'int java.lang.invoke.DirectMethodHandle$Holder.invokeStaticInit(java.lang.Object, java.lang.Object, java.lang.Object)'> (0x000000008b40b948) 
thrown [src/hotspot/share/interpreter/linkResolver.cpp, line 758]
Event: 0.587 Thread 0x00000000037a91e0 Exception <a 'java/lang/NoSuchMethodError'{0x000000008b14af08}: 'void java.lang.invoke.DirectMethodHandle$Holder.invokeSpecial(java.lang.Object, java.lang.Object, java.lang.Object)'> (0x000000008b14af08) 
thrown [src/hotspot/share/interpreter/linkResolver.cpp, line 758]
Event: 0.588 Thread 0x00000000037a91e0 Exception <a 'java/lang/NoSuchMethodError'{0x000000008b154bf8}: 'void java.lang.invoke.DirectMethodHandle$Holder.invokeStatic(java.lang.Object, java.lang.Object, java.lang.Object, java.lang.Object)'> (0x000000008b154bf8) 
thrown [src/hotspot/share/interpreter/linkResolver.cpp, line 758]
Event: 0.646 Thread 0x00000000037a91e0 Exception <a 'java/lang/NoSuchMethodError'{0x000000008ad08818}: 'java.lang.Object java.lang.invoke.Invokers$Holder.invoke_MT(java.lang.Object, java.lang.Object, java.lang.Object)'> (0x000000008ad08818) 
thrown [src/hotspot/share/interpreter/linkResolver.cpp, line 758]
Event: 0.677 Thread 0x00000000037a91e0 Exception <a 'java/lang/NoSuchMethodError'{0x000000008ab84fd0}: 'void java.lang.invoke.Invokers$Holder.invokeExact_MT(java.lang.Object, java.lang.Object, java.lang.Object)'> (0x000000008ab84fd0) 
thrown [src/hotspot/share/interpreter/linkResolver.cpp, line 758]
Event: 0.712 Thread 0x00000000037a91e0 Exception <a 'java/lang/NoSuchMethodError'{0x000000008abbc938}: 'long java.lang.invoke.DirectMethodHandle$Holder.invokeStatic(java.lang.Object, java.lang.Object)'> (0x000000008abbc938) 
thrown [src/hotspot/share/interpreter/linkResolver.cpp, line 758]
Event: 0.807 Thread 0x00000000037a91e0 Exception <a 'java/lang/NoSuchMethodError'{0x000000008a786868}: 'void java.lang.invoke.DirectMethodHandle$Holder.invokeInterface(java.lang.Object, java.lang.Object)'> (0x000000008a786868) 
thrown [src/hotspot/share/interpreter/linkResolver.cpp, line 758]

VM Operations (20 events):
Event: 0.323 Executing VM operation: HandshakeAllThreads
Event: 0.323 Executing VM operation: HandshakeAllThreads done
Event: 0.415 Executing VM operation: HandshakeAllThreads
Event: 0.415 Executing VM operation: HandshakeAllThreads done
Event: 0.422 Executing VM operation: HandshakeAllThreads
Event: 0.422 Executing VM operation: HandshakeAllThreads done
Event: 0.440 Executing VM operation: G1CollectForAllocation
Event: 0.446 Executing VM operation: G1CollectForAllocation done
Event: 0.503 Executing VM operation: HandshakeAllThreads
Event: 0.503 Executing VM operation: HandshakeAllThreads done
Event: 0.504 Executing VM operation: HandshakeAllThreads
Event: 0.504 Executing VM operation: HandshakeAllThreads done
Event: 0.533 Executing VM operation: HandshakeAllThreads
Event: 0.534 Executing VM operation: HandshakeAllThreads done
Event: 0.573 Executing VM operation: HandshakeAllThreads
Event: 0.573 Executing VM operation: HandshakeAllThreads done
Event: 0.650 Executing VM operation: HandshakeAllThreads
Event: 0.650 Executing VM operation: HandshakeAllThreads done
Event: 1.661 Executing VM operation: Cleanup
Event: 1.662 Executing VM operation: Cleanup done

Events (20 events):
Event: 0.035 Thread 0x00000000039caca0 Thread added: 0x00000000039caca0
Event: 0.035 Protecting memory [0x00007c9abc6fd000,0x00007c9abc701000] with protection modes 0
Event: 0.035 Thread 0x00000000039cc0f0 Thread added: 0x00000000039cc0f0
Event: 0.035 Protecting memory [0x00007c9abc5fd000,0x00007c9abc601000] with protection modes 0
Event: 0.036 Thread 0x00000000039cdae0 Thread added: 0x00000000039cdae0
Event: 0.036 Protecting memory [0x00007c9abc4fd000,0x00007c9abc501000] with protection modes 0
Event: 0.036 Thread 0x00000000039cf050 Thread added: 0x00000000039cf050
Event: 0.036 Protecting memory [0x00007c9abc3fd000,0x00007c9abc401000] with protection modes 0
Event: 0.037 Thread 0x00000000039d84f0 Thread added: 0x00000000039d84f0
Event: 0.037 Protecting memory [0x00007c9abc2fd000,0x00007c9abc301000] with protection modes 0
Event: 0.042 Thread 0x00000000039df3f0 Thread added: 0x00000000039df3f0
Event: 0.042 Protecting memory [0x00007c9abc1fd000,0x00007c9abc201000] with protection modes 0
Event: 0.044 Thread 0x00000000039e1ee0 Thread added: 0x00000000039e1ee0
Event: 0.045 Protecting memory [0x00007c9a9d300000,0x00007c9a9d304000] with protection modes 0
Event: 0.500 Thread 0x00007c9a0c1efe20 Thread added: 0x00007c9a0c1efe20
Event: 0.500 Protecting memory [0x00007c9a9cffe000,0x00007c9a9d002000] with protection modes 0
Event: 5.850 Thread 0x00007c9a0c1efe20 Thread exited: 0x00007c9a0c1efe20
Event: 10.431 Protecting memory [0x00007c9a94401000,0x00007c9a94405000] with protection modes 0
Event: 10.431 Thread 0x00007c99e41fe130 Thread added: 0x00007c99e41fe130
Event: 10.533 Thread 0x00007c99e41fe130 Thread exited: 0x00007c99e41fe130


Dynamic libraries:
00400000-00420000 r--p 00000000 08:02 3016593                            /usr/bin/python3.12
00420000-00703000 r-xp 00020000 08:02 3016593                            /usr/bin/python3.12
00703000-00a27000 r--p 00303000 08:02 3016593                            /usr/bin/python3.12
00a27000-00a28000 r--p 00627000 08:02 3016593                            /usr/bin/python3.12
00a28000-00ba6000 rw-p 00628000 08:02 3016593                            /usr/bin/python3.12
00ba6000-00ba9000 rw-p 00000000 00:00 0 
027aa000-0418a000 rw-p 00000000 00:00 0                                  [heap]
83e00000-8bc00000 rw-p 00000000 00:00 0 
8bc00000-ffe00000 ---p 00000000 00:00 0 
ffe00000-ffe75000 rw-p 00c76000 08:02 3541287                            /usr/lib/jvm/temurin-17-jdk-amd64/lib/server/classes.jsa
ffe75000-fff00000 rw-p 00000000 00:00 0 
fff00000-fff77000 rw-p 00bff000 08:02 3541287                            /usr/lib/jvm/temurin-17-jdk-amd64/lib/server/classes.jsa
fff77000-100000000 rw-p 00000000 00:00 0 
7c99d8000000-7c99d8021000 rw-p 00000000 00:00 0 
7c99d8021000-7c99dc000000 ---p 00000000 00:00 0 
7c99dc000000-7c99dc021000 rw-p 00000000 00:00 0 
7c99dc021000-7c99e0000000 ---p 00000000 00:00 0 
7c99e4000000-7c99e468e000 rw-p 00000000 00:00 0 
7c99e468e000-7c99e8000000 ---p 00000000 00:00 0 
7c99e8000000-7c99e8021000 rw-p 00000000 00:00 0 
7c99e8021000-7c99ec000000 ---p 00000000 00:00 0 
7c99f0000000-7c99f0021000 rw-p 00000000 00:00 0 
7c99f0021000-7c99f4000000 ---p 00000000 00:00 0 
7c99f4000000-7c99f4021000 rw-p 00000000 00:00 0 
7c99f4021000-7c99f8000000 ---p 00000000 00:00 0 
7c99fc000000-7c99fc021000 rw-p 00000000 00:00 0 
7c99fc021000-7c9a00000000 ---p 00000000 00:00 0 
7c9a00000000-7c9a00021000 rw-p 00000000 00:00 0 
7c9a00021000-7c9a04000000 ---p 00000000 00:00 0 
7c9a08000000-7c9a08021000 rw-p 00000000 00:00 0 
7c9a08021000-7c9a0c000000 ---p 00000000 00:00 0 
7c9a0c000000-7c9a0c3cc000 rw-p 00000000 00:00 0 
7c9a0c3cc000-7c9a10000000 ---p 00000000 00:00 0 
7c9a14000000-7c9a14516000 rw-p 00000000 00:00 0 
7c9a14516000-7c9a18000000 ---p 00000000 00:00 0 
7c9a18000000-7c9a18021000 rw-p 00000000 00:00 0 
7c9a18021000-7c9a1c000000 ---p 00000000 00:00 0 
7c9a1ebeb000-7c9a20000000 r--s 00000000 00:21 49                         /home/yjf/share/code/dir/_0.cfs
7c9a20000000-7c9a20021000 rw-p 00000000 00:00 0 
7c9a20021000-7c9a24000000 ---p 00000000 00:00 0 
7c9a24000000-7c9a24021000 rw-p 00000000 00:00 0 
7c9a24021000-7c9a28000000 ---p 00000000 00:00 0 
7c9a28457000-7c9a29822000 r--s 00000000 00:21 52                         /home/yjf/share/code/dir/_1.cfs
7c9a29822000-7c9a2ac36000 r--s 00000000 00:21 45618                      /home/yjf/share/code/dir/_3.cfs
7c9a2ac36000-7c9a2c000000 r--s 00000000 00:21 46111                      /home/yjf/share/code/dir/_4.cfs
7c9a2c000000-7c9a2c021000 rw-p 00000000 00:00 0 
7c9a2c021000-7c9a30000000 ---p 00000000 00:00 0 
7c9a30000000-7c9a30021000 rw-p 00000000 00:00 0 
7c9a30021000-7c9a34000000 ---p 00000000 00:00 0 
7c9a34e26000-7c9a3623a000 r--s 00000000 00:21 46253                      /home/yjf/share/code/dir/_8.cfs
7c9a3623a000-7c9a37600000 r--s 00000000 00:21 46269                      /home/yjf/share/code/dir/_9.cfs
7c9a37600000-7c9a37601000 ---p 00000000 00:00 0 
7c9a37601000-7c9a37e01000 rw-p 00000000 00:00 0 
7c9a38000000-7c9a38021000 rw-p 00000000 00:00 0 
7c9a38021000-7c9a3c000000 ---p 00000000 00:00 0 
7c9a3c820000-7c9a3dc35000 r--s 00000000 00:21 49                         /home/yjf/share/code/dir/_0.cfs
7c9a3dc35000-7c9a3f000000 r--s 00000000 00:21 52                         /home/yjf/share/code/dir/_1.cfs
7c9a3f000000-7c9a3f260000 rw-p 00000000 00:00 0 
7c9a3f260000-7c9a3f400000 ---p 00000000 00:00 0 
7c9a3f400000-7c9a3fc00000 rw-p 00000000 00:00 0 
7c9a3fc00000-7c9a43000000 ---p 00000000 00:00 0 
7c9a43000000-7c9a43bc7000 rw-p 00001000 08:02 3541287                    /usr/lib/jvm/temurin-17-jdk-amd64/lib/server/classes.jsa
7c9a43bc7000-7c9a44000000 ---p 00000000 00:00 0 
7c9a44000000-7c9a44030000 rw-p 00000000 00:00 0 
7c9a44030000-7c9a44070000 rw-p 00000000 00:00 0 
7c9a44070000-7c9a44190000 rw-p 00000000 00:00 0 
7c9a44190000-7c9a84000000 ---p 00000000 00:00 0 
7c9a84000000-7c9a84021000 rw-p 00000000 00:00 0 
7c9a84021000-7c9a88000000 ---p 00000000 00:00 0 
7c9a8840e000-7c9a89822000 r--s 00000000 00:21 45618                      /home/yjf/share/code/dir/_3.cfs
7c9a89822000-7c9a8abec000 r--s 00000000 00:21 46111                      /home/yjf/share/code/dir/_4.cfs
7c9a8abec000-7c9a8c000000 r--s 00000000 00:21 46253                      /home/yjf/share/code/dir/_8.cfs
7c9a8c000000-7c9a8c021000 rw-p 00000000 00:00 0 
7c9a8c021000-7c9a90000000 ---p 00000000 00:00 0 
7c9a90000000-7c9a90021000 rw-p 00000000 00:00 0 
7c9a90021000-7c9a94000000 ---p 00000000 00:00 0 
7c9a9417e000-7c9a94400000 r--s 00000000 00:21 55                         /home/yjf/share/code/dir/_2.cfs
7c9a94400000-7c9a94401000 ---p 00000000 00:00 0 
7c9a94401000-7c9a94405000 ---p 00000000 00:00 0 
7c9a94405000-7c9a94c01000 rw-p 00000000 00:00 0 
7c9a94c3a000-7c9a96000000 r--s 00000000 00:21 46269                      /home/yjf/share/code/dir/_9.cfs
7c9a96000000-7c9a98021000 rw-p 00000000 00:00 0 
7c9a98021000-7c9a9c000000 ---p 00000000 00:00 0 
7c9a9c266000-7c9a9c4e8000 r--s 00000000 00:21 46196                      /home/yjf/share/code/dir/_5.cfs
7c9a9c4e8000-7c9a9c771000 r--s 00000000 00:21 46285                      /home/yjf/share/code/dir/_a.cfs
7c9a9c771000-7c9a9c9f3000 r--s 00000000 00:21 55                         /home/yjf/share/code/dir/_2.cfs
7c9a9c9f3000-7c9a9cc75000 r--s 00000000 00:21 46196                      /home/yjf/share/code/dir/_5.cfs
7c9a9cc75000-7c9a9cefe000 r--s 00000000 00:21 46285                      /home/yjf/share/code/dir/_a.cfs
7c9a9cefe000-7c9a9cffe000 rw-p 00000000 00:00 0 
7c9a9cffe000-7c9a9d002000 ---p 00000000 00:00 0 
7c9a9d002000-7c9a9d0fe000 rw-p 00000000 00:00 0 
7c9a9d0fe000-7c9a9d0ff000 ---p 00000000 00:00 0 
7c9a9d0ff000-7c9a9d1ff000 rw-p 00000000 00:00 0 
7c9a9d1ff000-7c9a9d200000 ---p 00000000 00:00 0 
7c9a9d200000-7c9a9d300000 rw-p 00000000 00:00 0 
7c9a9d300000-7c9a9d304000 ---p 00000000 00:00 0 
7c9a9d304000-7c9a9d400000 rw-p 00000000 00:00 0 
7c9a9d400000-7c9a9d5f8000 rw-p 00000000 00:00 0 
7c9a9d5f8000-7c9a9f300000 ---p 00000000 00:00 0 
7c9a9f300000-7c9a9f308000 rw-p 00000000 00:00 0 
7c9a9f400000-7c9a9f5f8000 rw-p 00000000 00:00 0 
7c9a9f5f8000-7c9aa1300000 ---p 00000000 00:00 0 
7c9aa1300000-7c9aa1308000 rw-p 00000000 00:00 0 
7c9aa1400000-7c9aa1670000 rwxp 00000000 00:00 0 
7c9aa1670000-7c9aa8937000 ---p 00000000 00:00 0 
7c9aa8937000-7c9aa8ba7000 rwxp 00000000 00:00 0 
7c9aa8ba7000-7c9aa8ec9000 ---p 00000000 00:00 0 
7c9aa8ec9000-7c9aa9139000 rwxp 00000000 00:00 0 
7c9aa9139000-7c9ab0400000 ---p 00000000 00:00 0 
7c9ab0400000-7c9ab7fcf000 r--s 00000000 08:02 3446553                    /usr/lib/jvm/temurin-17-jdk-amd64/lib/modules
7c9ab8000000-7c9ab8021000 rw-p 00000000 00:00 0 
7c9ab8021000-7c9abc000000 ---p 00000000 00:00 0 
7c9abc0fc000-7c9abc0fd000 ---p 00000000 00:00 0 
7c9abc0fd000-7c9abc1fd000 rw-p 00000000 00:00 0 
7c9abc1fd000-7c9abc201000 ---p 00000000 00:00 0 
7c9abc201000-7c9abc2fd000 rw-p 00000000 00:00 0 
7c9abc2fd000-7c9abc301000 ---p 00000000 00:00 0 
7c9abc301000-7c9abc3fd000 rw-p 00000000 00:00 0 
7c9abc3fd000-7c9abc401000 ---p 00000000 00:00 0 
7c9abc401000-7c9abc4fd000 rw-p 00000000 00:00 0 
7c9abc4fd000-7c9abc501000 ---p 00000000 00:00 0 
7c9abc501000-7c9abc5fd000 rw-p 00000000 00:00 0 
7c9abc5fd000-7c9abc601000 ---p 00000000 00:00 0 
7c9abc601000-7c9abc6fd000 rw-p 00000000 00:00 0 
7c9abc6fd000-7c9abc701000 ---p 00000000 00:00 0 
7c9abc701000-7c9abc7fd000 rw-p 00000000 00:00 0 
7c9abc7fd000-7c9abc801000 ---p 00000000 00:00 0 
7c9abc801000-7c9abc8fd000 rw-p 00000000 00:00 0 
7c9abc8fd000-7c9abc901000 ---p 00000000 00:00 0 
7c9abc901000-7c9abc9fd000 rw-p 00000000 00:00 0 
7c9abc9fd000-7c9abca01000 ---p 00000000 00:00 0 
7c9abca01000-7c9abcafd000 rw-p 00000000 00:00 0 
7c9abcafd000-7c9abcafe000 ---p 00000000 00:00 0 
7c9abcafe000-7c9abcbfe000 rw-p 00000000 00:00 0 
7c9abcbfe000-7c9abcbff000 ---p 00000000 00:00 0 
7c9abcbff000-7c9abccff000 rw-p 00000000 00:00 0 
7c9abccff000-7c9abcd00000 ---p 00000000 00:00 0 
7c9abcd00000-7c9abce00000 rw-p 00000000 00:00 0 
7c9abce00000-7c9abce01000 r--p 00000000 08:02 3026297                    /usr/lib/x86_64-linux-gnu/libicudata.so.74.2
7c9abce01000-7c9abce02000 r-xp 00001000 08:02 3026297                    /usr/lib/x86_64-linux-gnu/libicudata.so.74.2
7c9abce02000-7c9abeb5e000 r--p 00002000 08:02 3026297                    /usr/lib/x86_64-linux-gnu/libicudata.so.74.2
7c9abeb5e000-7c9abeb5f000 r--p 01d5d000 08:02 3026297                    /usr/lib/x86_64-linux-gnu/libicudata.so.74.2
7c9abeb5f000-7c9abeb60000 rw-p 01d5e000 08:02 3026297                    /usr/lib/x86_64-linux-gnu/libicudata.so.74.2
7c9abec00000-7c9abee53000 r--p 00000000 08:02 3541290                    /usr/lib/jvm/temurin-17-jdk-amd64/lib/server/libjvm.so
7c9abee53000-7c9abfb7b000 r-xp 00253000 08:02 3541290                    /usr/lib/jvm/temurin-17-jdk-amd64/lib/server/libjvm.so
7c9abfb7b000-7c9abfe08000 r--p 00f7b000 08:02 3541290                    /usr/lib/jvm/temurin-17-jdk-amd64/lib/server/libjvm.so
7c9abfe08000-7c9abfec1000 r--p 01207000 08:02 3541290                    /usr/lib/jvm/temurin-17-jdk-amd64/lib/server/libjvm.so
7c9abfec1000-7c9abfef6000 rw-p 012c0000 08:02 3541290                    /usr/lib/jvm/temurin-17-jdk-amd64/lib/server/libjvm.so
7c9abfef6000-7c9abff50000 rw-p 00000000 00:00 0 
7c9ac0000000-7c9ac0021000 rw-p 00000000 00:00 0 
7c9ac0021000-7c9ac4000000 ---p 00000000 00:00 0 
7c9ac4000000-7c9ac4021000 rw-p 00000000 00:00 0 
7c9ac4021000-7c9ac8000000 ---p 00000000 00:00 0 
7c9ac80f7000-7c9ac88ff000 rw-p 00000000 00:00 0 
7c9ac88ff000-7c9ac8900000 ---p 00000000 00:00 0 
7c9ac8900000-7c9ac8a00000 rw-p 00000000 00:00 0 
7c9ac8a00000-7c9ac8a3f000 rw-p 00000000 00:00 0 
7c9ac8a3f000-7c9ac8de0000 ---p 00000000 00:00 0 
7c9ac8de0000-7c9ac8de1000 rw-p 00000000 00:00 0 
7c9ac8e00000-7c9ac8e3f000 rw-p 00000000 00:00 0 
7c9ac8e3f000-7c9ac91e0000 ---p 00000000 00:00 0 
7c9ac91e0000-7c9ac91e1000 rw-p 00000000 00:00 0 
7c9ac9200000-7c9ac9c89000 r--p 00000000 08:02 3184672                    /usr/local/lib/python3.12/dist-packages/lucene-9.10.0-py3.12-linux-x86_64.egg/lucene/_lucene.cpython-312-x86_64-linux-gnu.so
7c9ac9c89000-7c9acb3c1000 r-xp 00a89000 08:02 3184672                    /usr/local/lib/python3.12/dist-packages/lucene-9.10.0-py3.12-linux-x86_64.egg/lucene/_lucene.cpython-312-x86_64-linux-gnu.so
7c9acb3c1000-7c9acbc5a000 r--p 021c1000 08:02 3184672                    /usr/local/lib/python3.12/dist-packages/lucene-9.10.0-py3.12-linux-x86_64.egg/lucene/_lucene.cpython-312-x86_64-linux-gnu.so
7c9acbc5a000-7c9acbcb0000 r--p 02a59000 08:02 3184672                    /usr/local/lib/python3.12/dist-packages/lucene-9.10.0-py3.12-linux-x86_64.egg/lucene/_lucene.cpython-312-x86_64-linux-gnu.so
7c9acbcb0000-7c9acbe01000 rw-p 02aaf000 08:02 3184672                    /usr/local/lib/python3.12/dist-packages/lucene-9.10.0-py3.12-linux-x86_64.egg/lucene/_lucene.cpython-312-x86_64-linux-gnu.so
7c9acbe01000-7c9acbe1c000 rw-p 00000000 00:00 0 
7c9acbeff000-7c9acbf00000 ---p 00000000 00:00 0 
7c9acbf00000-7c9acc000000 rw-p 00000000 00:00 0 
7c9acc000000-7c9acc021000 rw-p 00000000 00:00 0 
7c9acc021000-7c9ad0000000 ---p 00000000 00:00 0 
7c9ad00ff000-7c9ad0100000 ---p 00000000 00:00 0 
7c9ad0100000-7c9ad0200000 rw-p 00000000 00:00 0 
7c9ad0200000-7c9ad023f000 rw-p 00000000 00:00 0 
7c9ad023f000-7c9ad05e0000 ---p 00000000 00:00 0 
7c9ad05e0000-7c9ad05e1000 rw-p 00000000 00:00 0 
7c9ad05fa000-7c9ad0c00000 rw-p 00000000 00:00 0 
7c9ad0c00000-7c9ad0c68000 r--p 00000000 08:02 3026302                    /usr/lib/x86_64-linux-gnu/libicuuc.so.74.2
7c9ad0c68000-7c9ad0d6d000 r-xp 00068000 08:02 3026302                    /usr/lib/x86_64-linux-gnu/libicuuc.so.74.2
7c9ad0d6d000-7c9ad0df7000 r--p 0016d000 08:02 3026302                    /usr/lib/x86_64-linux-gnu/libicuuc.so.74.2
7c9ad0df7000-7c9ad0e0a000 r--p 001f7000 08:02 3026302                    /usr/lib/x86_64-linux-gnu/libicuuc.so.74.2
7c9ad0e0a000-7c9ad0e0b000 rw-p 0020a000 08:02 3026302                    /usr/lib/x86_64-linux-gnu/libicuuc.so.74.2
7c9ad0e0b000-7c9ad0e0d000 rw-p 00000000 00:00 0 
7c9ad0eff000-7c9ad1000000 rw-p 00000000 00:00 0 
7c9ad1000000-7c9ad101d000 r--p 00000000 08:02 3053721                    /usr/lib/python3/dist-packages/lxml/etree.cpython-312-x86_64-linux-gnu.so
7c9ad101d000-7c9ad11a8000 r-xp 0001d000 08:02 3053721                    /usr/lib/python3/dist-packages/lxml/etree.cpython-312-x86_64-linux-gnu.so
7c9ad11a8000-7c9ad11f7000 r--p 001a8000 08:02 3053721                    /usr/lib/python3/dist-packages/lxml/etree.cpython-312-x86_64-linux-gnu.so
7c9ad11f7000-7c9ad11f8000 r--p 001f7000 08:02 3053721                    /usr/lib/python3/dist-packages/lxml/etree.cpython-312-x86_64-linux-gnu.so
7c9ad11f8000-7c9ad1212000 rw-p 001f8000 08:02 3053721                    /usr/lib/python3/dist-packages/lxml/etree.cpython-312-x86_64-linux-gnu.so
7c9ad1212000-7c9ad1219000 rw-p 00000000 00:00 0 
7c9ad122e000-7c9ad1233000 r--p 00000000 08:02 3446537                    /usr/lib/jvm/temurin-17-jdk-amd64/lib/libjsvml.so
7c9ad1233000-7c9ad1274000 r-xp 00005000 08:02 3446537                    /usr/lib/jvm/temurin-17-jdk-amd64/lib/libjsvml.so
7c9ad1274000-7c9ad12fd000 r--p 00046000 08:02 3446537                    /usr/lib/jvm/temurin-17-jdk-amd64/lib/libjsvml.so
7c9ad12fd000-7c9ad12fe000 r--p 000ce000 08:02 3446537                    /usr/lib/jvm/temurin-17-jdk-amd64/lib/libjsvml.so
7c9ad12fe000-7c9ad12ff000 rw-p 000cf000 08:02 3446537                    /usr/lib/jvm/temurin-17-jdk-amd64/lib/libjsvml.so
7c9ad12ff000-7c9ad1400000 rw-p 00000000 00:00 0 
7c9ad1400000-7c9ad149d000 r--p 00000000 08:02 3052567                    /usr/lib/x86_64-linux-gnu/libstdc++.so.6.0.33
7c9ad149d000-7c9ad15e5000 r-xp 0009d000 08:02 3052567                    /usr/lib/x86_64-linux-gnu/libstdc++.so.6.0.33
7c9ad15e5000-7c9ad166c000 r--p 001e5000 08:02 3052567                    /usr/lib/x86_64-linux-gnu/libstdc++.so.6.0.33
7c9ad166c000-7c9ad1677000 r--p 0026b000 08:02 3052567                    /usr/lib/x86_64-linux-gnu/libstdc++.so.6.0.33
7c9ad1677000-7c9ad167a000 rw-p 00276000 08:02 3052567                    /usr/lib/x86_64-linux-gnu/libstdc++.so.6.0.33
7c9ad167a000-7c9ad167e000 rw-p 00000000 00:00 0 
7c9ad1715000-7c9ad171a000 rw-p 00000000 00:00 0 
7c9ad171a000-7c9ad1800000 ---p 00000000 00:00 0 
7c9ad1800000-7c9ad1801000 ---p 00000000 00:00 0 
7c9ad1801000-7c9ad2001000 rw-p 00000000 00:00 0 
7c9ad2015000-7c9ad201a000 rw-p 00000000 00:00 0 
7c9ad201a000-7c9ad2100000 ---p 00000000 00:00 0 
7c9ad2100000-7c9ad2200000 rw-p 00000000 00:00 0 
7c9ad2200000-7c9ad2201000 ---p 00000000 00:00 0 
7c9ad2201000-7c9ad2a01000 rw-p 00000000 00:00 0 
7c9ad2a97000-7c9ad2ab8000 r--p 00000000 08:02 3153782                    /usr/share/locale-langpack/zh_CN/LC_MESSAGES/libc.mo
7c9ad2ab8000-7c9ad2ac7000 r--p 00000000 08:02 3026190                    /usr/lib/x86_64-linux-gnu/libgcrypt.so.20.4.3
7c9ad2ac7000-7c9ad2bbb000 r-xp 0000f000 08:02 3026190                    /usr/lib/x86_64-linux-gnu/libgcrypt.so.20.4.3
7c9ad2bbb000-7c9ad2bf6000 r--p 00103000 08:02 3026190                    /usr/lib/x86_64-linux-gnu/libgcrypt.so.20.4.3
7c9ad2bf6000-7c9ad2bfb000 r--p 0013e000 08:02 3026190                    /usr/lib/x86_64-linux-gnu/libgcrypt.so.20.4.3
7c9ad2bfb000-7c9ad2bff000 rw-p 00143000 08:02 3026190                    /usr/lib/x86_64-linux-gnu/libgcrypt.so.20.4.3
7c9ad2bff000-7c9ad2c00000 rw-p 00000000 00:00 0 
7c9ad2c00000-7c9ad2c01000 ---p 00000000 00:00 0 
7c9ad2c01000-7c9ad3401000 rw-p 00000000 00:00 0 
7c9ad341e000-7c9ad344d000 r--p 00000000 08:02 3026700                    /usr/lib/x86_64-linux-gnu/libxml2.so.2.9.14
7c9ad344d000-7c9ad35b3000 r-xp 0002f000 08:02 3026700                    /usr/lib/x86_64-linux-gnu/libxml2.so.2.9.14
7c9ad35b3000-7c9ad35f5000 r--p 00195000 08:02 3026700                    /usr/lib/x86_64-linux-gnu/libxml2.so.2.9.14
7c9ad35f5000-7c9ad35fe000 r--p 001d6000 08:02 3026700                    /usr/lib/x86_64-linux-gnu/libxml2.so.2.9.14
7c9ad35fe000-7c9ad35ff000 rw-p 001df000 08:02 3026700                    /usr/lib/x86_64-linux-gnu/libxml2.so.2.9.14
7c9ad35ff000-7c9ad3600000 rw-p 00000000 00:00 0 
7c9ad3600000-7c9ad3601000 ---p 00000000 00:00 0 
7c9ad3601000-7c9ad3e01000 rw-p 00000000 00:00 0 
7c9ad3e08000-7c9ad3e0a000 r--p 00000000 08:02 3446552                    /usr/lib/jvm/temurin-17-jdk-amd64/lib/libzip.so
7c9ad3e0a000-7c9ad3e1c000 r-xp 00002000 08:02 3446552                    /usr/lib/jvm/temurin-17-jdk-amd64/lib/libzip.so
7c9ad3e1c000-7c9ad3e24000 r--p 00014000 08:02 3446552                    /usr/lib/jvm/temurin-17-jdk-amd64/lib/libzip.so
7c9ad3e24000-7c9ad3e25000 r--p 0001b000 08:02 3446552                    /usr/lib/jvm/temurin-17-jdk-amd64/lib/libzip.so
7c9ad3e25000-7c9ad3e26000 rw-p 0001c000 08:02 3446552                    /usr/lib/jvm/temurin-17-jdk-amd64/lib/libzip.so
7c9ad3e26000-7c9ad3e2a000 r--p 00000000 08:02 3446543                    /usr/lib/jvm/temurin-17-jdk-amd64/lib/libnet.so
7c9ad3e2a000-7c9ad3e38000 r-xp 00004000 08:02 3446543                    /usr/lib/jvm/temurin-17-jdk-amd64/lib/libnet.so
7c9ad3e38000-7c9ad3e3c000 r--p 00012000 08:02 3446543                    /usr/lib/jvm/temurin-17-jdk-amd64/lib/libnet.so
7c9ad3e3c000-7c9ad3e3d000 r--p 00015000 08:02 3446543                    /usr/lib/jvm/temurin-17-jdk-amd64/lib/libnet.so
7c9ad3e3d000-7c9ad3e3e000 rw-p 00016000 08:02 3446543                    /usr/lib/jvm/temurin-17-jdk-amd64/lib/libnet.so
7c9ad3e3e000-7c9ad3e45000 r--p 00000000 08:02 3446544                    /usr/lib/jvm/temurin-17-jdk-amd64/lib/libnio.so
7c9ad3e45000-7c9ad3e4e000 r-xp 00007000 08:02 3446544                    /usr/lib/jvm/temurin-17-jdk-amd64/lib/libnio.so
7c9ad3e4e000-7c9ad3e52000 r--p 00010000 08:02 3446544                    /usr/lib/jvm/temurin-17-jdk-amd64/lib/libnio.so
7c9ad3e52000-7c9ad3e53000 ---p 00014000 08:02 3446544                    /usr/lib/jvm/temurin-17-jdk-amd64/lib/libnio.so
7c9ad3e53000-7c9ad3e54000 r--p 00014000 08:02 3446544                    /usr/lib/jvm/temurin-17-jdk-amd64/lib/libnio.so
7c9ad3e54000-7c9ad3e55000 rw-p 00015000 08:02 3446544                    /usr/lib/jvm/temurin-17-jdk-amd64/lib/libnio.so
7c9ad3e55000-7c9ad3ed6000 rw-p 00000000 00:00 0 
7c9ad3ed6000-7c9ad3ee4000 r--p 00000000 08:02 3446529                    /usr/lib/jvm/temurin-17-jdk-amd64/lib/libjava.so
7c9ad3ee4000-7c9ad3ef6000 r-xp 0000e000 08:02 3446529                    /usr/lib/jvm/temurin-17-jdk-amd64/lib/libjava.so
7c9ad3ef6000-7c9ad3efc000 r--p 00020000 08:02 3446529                    /usr/lib/jvm/temurin-17-jdk-amd64/lib/libjava.so
7c9ad3efc000-7c9ad3efd000 ---p 00026000 08:02 3446529                    /usr/lib/jvm/temurin-17-jdk-amd64/lib/libjava.so
7c9ad3efd000-7c9ad3efe000 r--p 00026000 08:02 3446529                    /usr/lib/jvm/temurin-17-jdk-amd64/lib/libjava.so
7c9ad3efe000-7c9ad3eff000 rw-p 00027000 08:02 3446529                    /usr/lib/jvm/temurin-17-jdk-amd64/lib/libjava.so
7c9ad3eff000-7c9ad4021000 rw-p 00000000 00:00 0 
7c9ad4021000-7c9ad8000000 ---p 00000000 00:00 0 
7c9ad8000000-7c9ad8002000 r--p 00000000 08:02 3446541                    /usr/lib/jvm/temurin-17-jdk-amd64/lib/libmanagement_ext.so
7c9ad8002000-7c9ad8005000 r-xp 00002000 08:02 3446541                    /usr/lib/jvm/temurin-17-jdk-amd64/lib/libmanagement_ext.so
7c9ad8005000-7c9ad8006000 r--p 00005000 08:02 3446541                    /usr/lib/jvm/temurin-17-jdk-amd64/lib/libmanagement_ext.so
7c9ad8006000-7c9ad8007000 ---p 00006000 08:02 3446541                    /usr/lib/jvm/temurin-17-jdk-amd64/lib/libmanagement_ext.so
7c9ad8007000-7c9ad8008000 r--p 00006000 08:02 3446541                    /usr/lib/jvm/temurin-17-jdk-amd64/lib/libmanagement_ext.so
7c9ad8008000-7c9ad8009000 rw-p 00007000 08:02 3446541                    /usr/lib/jvm/temurin-17-jdk-amd64/lib/libmanagement_ext.so
7c9ad8009000-7c9ad800e000 rw-p 00000000 00:00 0 
7c9ad800e000-7c9ad8015000 ---p 00000000 00:00 0 
7c9ad8015000-7c9ad8a00000 rw-p 00000000 00:00 0 
7c9ad8a00000-7c9ad8a01000 ---p 00000000 00:00 0 
7c9ad8a01000-7c9ad9201000 rw-p 00000000 00:00 0 
7c9ad9203000-7c9ad9206000 r--p 00000000 08:02 3446539                    /usr/lib/jvm/temurin-17-jdk-amd64/lib/libmanagement.so
7c9ad9206000-7c9ad9207000 r-xp 00003000 08:02 3446539                    /usr/lib/jvm/temurin-17-jdk-amd64/lib/libmanagement.so
7c9ad9207000-7c9ad9208000 r--p 00004000 08:02 3446539                    /usr/lib/jvm/temurin-17-jdk-amd64/lib/libmanagement.so
7c9ad9208000-7c9ad9209000 r--p 00004000 08:02 3446539                    /usr/lib/jvm/temurin-17-jdk-amd64/lib/libmanagement.so
7c9ad9209000-7c9ad920a000 rw-p 00005000 08:02 3446539                    /usr/lib/jvm/temurin-17-jdk-amd64/lib/libmanagement.so
7c9ad920a000-7c9ad9227000 r--p 00000000 08:02 3541481                    /usr/local/lib/python3.12/dist-packages/JCC-3.14-py3.12-linux-x86_64.egg/jcc/_jcc3.cpython-312-x86_64-linux-gnu.so
7c9ad9227000-7c9ad9276000 r-xp 0001d000 08:02 3541481                    /usr/local/lib/python3.12/dist-packages/JCC-3.14-py3.12-linux-x86_64.egg/jcc/_jcc3.cpython-312-x86_64-linux-gnu.so
7c9ad9276000-7c9ad928e000 r--p 0006c000 08:02 3541481                    /usr/local/lib/python3.12/dist-packages/JCC-3.14-py3.12-linux-x86_64.egg/jcc/_jcc3.cpython-312-x86_64-linux-gnu.so
7c9ad928e000-7c9ad9290000 r--p 00084000 08:02 3541481                    /usr/local/lib/python3.12/dist-packages/JCC-3.14-py3.12-linux-x86_64.egg/jcc/_jcc3.cpython-312-x86_64-linux-gnu.so
7c9ad9290000-7c9ad9295000 rw-p 00086000 08:02 3541481                    /usr/local/lib/python3.12/dist-packages/JCC-3.14-py3.12-linux-x86_64.egg/jcc/_jcc3.cpython-312-x86_64-linux-gnu.so
7c9ad9295000-7c9ad929a000 r--p 00000000 08:02 3053709                    /usr/lib/python3/dist-packages/lxml/_elementpath.cpython-312-x86_64-linux-gnu.so
7c9ad929a000-7c9ad92bc000 r-xp 00005000 08:02 3053709                    /usr/lib/python3/dist-packages/lxml/_elementpath.cpython-312-x86_64-linux-gnu.so
7c9ad92bc000-7c9ad92c1000 r--p 00027000 08:02 3053709                    /usr/lib/python3/dist-packages/lxml/_elementpath.cpython-312-x86_64-linux-gnu.so
7c9ad92c1000-7c9ad92c2000 r--p 0002b000 08:02 3053709                    /usr/lib/python3/dist-packages/lxml/_elementpath.cpython-312-x86_64-linux-gnu.so
7c9ad92c2000-7c9ad92c5000 rw-p 0002c000 08:02 3053709                    /usr/lib/python3/dist-packages/lxml/_elementpath.cpython-312-x86_64-linux-gnu.so
7c9ad92c5000-7c9ad92c6000 rw-p 00000000 00:00 0 
7c9ad92c6000-7c9ad92ca000 r--p 00000000 08:02 3026229                    /usr/lib/x86_64-linux-gnu/libgpg-error.so.0.34.0
7c9ad92ca000-7c9ad92e0000 r-xp 00004000 08:02 3026229                    /usr/lib/x86_64-linux-gnu/libgpg-error.so.0.34.0
7c9ad92e0000-7c9ad92e9000 r--p 0001a000 08:02 3026229                    /usr/lib/x86_64-linux-gnu/libgpg-error.so.0.34.0
7c9ad92e9000-7c9ad92ea000 r--p 00023000 08:02 3026229                    /usr/lib/x86_64-linux-gnu/libgpg-error.so.0.34.0
7c9ad92ea000-7c9ad92eb000 rw-p 00024000 08:02 3026229                    /usr/lib/x86_64-linux-gnu/libgpg-error.so.0.34.0
7c9ad92eb000-7c9ad96eb000 rw-p 00000000 00:00 0 
7c9ad96ec000-7c9ad96f0000 r--p 00000000 08:02 3446533                    /usr/lib/jvm/temurin-17-jdk-amd64/lib/libjimage.so
7c9ad96f0000-7c9ad9703000 r-xp 00004000 08:02 3446533                    /usr/lib/jvm/temurin-17-jdk-amd64/lib/libjimage.so
7c9ad9703000-7c9ad9709000 r--p 00017000 08:02 3446533                    /usr/lib/jvm/temurin-17-jdk-amd64/lib/libjimage.so
7c9ad9709000-7c9ad970b000 r--p 0001c000 08:02 3446533                    /usr/lib/jvm/temurin-17-jdk-amd64/lib/libjimage.so
7c9ad970b000-7c9ad970c000 rw-p 0001e000 08:02 3446533                    /usr/lib/jvm/temurin-17-jdk-amd64/lib/libjimage.so
7c9ad970c000-7c9ad9710000 r--p 00000000 08:02 3026152                    /usr/lib/x86_64-linux-gnu/libexslt.so.0.8.21
7c9ad9710000-7c9ad971f000 r-xp 00004000 08:02 3026152                    /usr/lib/x86_64-linux-gnu/libexslt.so.0.8.21
7c9ad971f000-7c9ad9723000 r--p 00013000 08:02 3026152                    /usr/lib/x86_64-linux-gnu/libexslt.so.0.8.21
7c9ad9723000-7c9ad9724000 r--p 00016000 08:02 3026152                    /usr/lib/x86_64-linux-gnu/libexslt.so.0.8.21
7c9ad9724000-7c9ad9725000 rw-p 00017000 08:02 3026152                    /usr/lib/x86_64-linux-gnu/libexslt.so.0.8.21
7c9ad9725000-7c9ad972e000 r--p 00000000 08:02 3026703                    /usr/lib/x86_64-linux-gnu/libxslt.so.1.1.39
7c9ad972e000-7c9ad9757000 r-xp 00009000 08:02 3026703                    /usr/lib/x86_64-linux-gnu/libxslt.so.1.1.39
7c9ad9757000-7c9ad9764000 r--p 00032000 08:02 3026703                    /usr/lib/x86_64-linux-gnu/libxslt.so.1.1.39
7c9ad9764000-7c9ad9765000 r--p 0003e000 08:02 3026703                    /usr/lib/x86_64-linux-gnu/libxslt.so.1.1.39
7c9ad9765000-7c9ad9766000 rw-p 0003f000 08:02 3026703                    /usr/lib/x86_64-linux-gnu/libxslt.so.1.1.39
7c9ad9766000-7c9ad976a000 r--p 00000000 08:02 3017978                    /usr/lib/python3.12/lib-dynload/_hashlib.cpython-312-x86_64-linux-gnu.so
7c9ad976a000-7c9ad9770000 r-xp 00004000 08:02 3017978                    /usr/lib/python3.12/lib-dynload/_hashlib.cpython-312-x86_64-linux-gnu.so
7c9ad9770000-7c9ad9774000 r--p 0000a000 08:02 3017978                    /usr/lib/python3.12/lib-dynload/_hashlib.cpython-312-x86_64-linux-gnu.so
7c9ad9774000-7c9ad9775000 r--p 0000d000 08:02 3017978                    /usr/lib/python3.12/lib-dynload/_hashlib.cpython-312-x86_64-linux-gnu.so
7c9ad9775000-7c9ad9777000 rw-p 0000e000 08:02 3017978                    /usr/lib/python3.12/lib-dynload/_hashlib.cpython-312-x86_64-linux-gnu.so
7c9ad9777000-7c9ad9877000 rw-p 00000000 00:00 0 
7c9ad9877000-7c9ad987d000 r--p 00000000 08:02 3017944                    /usr/lib/python3.12/lib-dynload/_ctypes.cpython-312-x86_64-linux-gnu.so
7c9ad987d000-7c9ad988f000 r-xp 00006000 08:02 3017944                    /usr/lib/python3.12/lib-dynload/_ctypes.cpython-312-x86_64-linux-gnu.so
7c9ad988f000-7c9ad9895000 r--p 00018000 08:02 3017944                    /usr/lib/python3.12/lib-dynload/_ctypes.cpython-312-x86_64-linux-gnu.so
7c9ad9895000-7c9ad9896000 r--p 0001d000 08:02 3017944                    /usr/lib/python3.12/lib-dynload/_ctypes.cpython-312-x86_64-linux-gnu.so
7c9ad9896000-7c9ad989a000 rw-p 0001e000 08:02 3017944                    /usr/lib/python3.12/lib-dynload/_ctypes.cpython-312-x86_64-linux-gnu.so
7c9ad989a000-7c9ad999a000 rw-p 00000000 00:00 0 
7c9ad99a0000-7c9ad99a1000 r--p 00000000 08:02 3026524                    /usr/lib/x86_64-linux-gnu/librt.so.1
7c9ad99a1000-7c9ad99a2000 r-xp 00001000 08:02 3026524                    /usr/lib/x86_64-linux-gnu/librt.so.1
7c9ad99a2000-7c9ad99a3000 r--p 00002000 08:02 3026524                    /usr/lib/x86_64-linux-gnu/librt.so.1
7c9ad99a3000-7c9ad99a4000 r--p 00002000 08:02 3026524                    /usr/lib/x86_64-linux-gnu/librt.so.1
7c9ad99a4000-7c9ad99a5000 rw-p 00003000 08:02 3026524                    /usr/lib/x86_64-linux-gnu/librt.so.1
7c9ad99a5000-7c9ad99a6000 r--p 00000000 08:02 3026506                    /usr/lib/x86_64-linux-gnu/libpthread.so.0
7c9ad99a6000-7c9ad99a7000 r-xp 00001000 08:02 3026506                    /usr/lib/x86_64-linux-gnu/libpthread.so.0
7c9ad99a7000-7c9ad99a8000 r--p 00002000 08:02 3026506                    /usr/lib/x86_64-linux-gnu/libpthread.so.0
7c9ad99a8000-7c9ad99a9000 r--p 00002000 08:02 3026506                    /usr/lib/x86_64-linux-gnu/libpthread.so.0
7c9ad99a9000-7c9ad99aa000 rw-p 00003000 08:02 3026506                    /usr/lib/x86_64-linux-gnu/libpthread.so.0
7c9ad99aa000-7c9ad99ab000 r--p 00000000 08:02 3026110                    /usr/lib/x86_64-linux-gnu/libdl.so.2
7c9ad99ab000-7c9ad99ac000 r-xp 00001000 08:02 3026110                    /usr/lib/x86_64-linux-gnu/libdl.so.2
7c9ad99ac000-7c9ad99ad000 r--p 00002000 08:02 3026110                    /usr/lib/x86_64-linux-gnu/libdl.so.2
7c9ad99ad000-7c9ad99ae000 r--p 00002000 08:02 3026110                    /usr/lib/x86_64-linux-gnu/libdl.so.2
7c9ad99ae000-7c9ad99af000 rw-p 00003000 08:02 3026110                    /usr/lib/x86_64-linux-gnu/libdl.so.2
7c9ad99af000-7c9ad99b3000 r--p 00000000 08:02 3052563                    /usr/lib/x86_64-linux-gnu/libgcc_s.so.1
7c9ad99b3000-7c9ad99d7000 r-xp 00004000 08:02 3052563                    /usr/lib/x86_64-linux-gnu/libgcc_s.so.1
7c9ad99d7000-7c9ad99db000 r--p 00028000 08:02 3052563                    /usr/lib/x86_64-linux-gnu/libgcc_s.so.1
7c9ad99db000-7c9ad99dc000 r--p 0002b000 08:02 3052563                    /usr/lib/x86_64-linux-gnu/libgcc_s.so.1
7c9ad99dc000-7c9ad99dd000 rw-p 0002c000 08:02 3052563                    /usr/lib/x86_64-linux-gnu/libgcc_s.so.1
7c9ad99df000-7c9ad99e3000 rw-p 00000000 00:00 0 
7c9ad99e3000-7c9ad99eb000 rw-s 00000000 08:02 1048671                    /tmp/hsperfdata_yjf/10143
7c9ad99eb000-7c9ad99f1000 r--p 00000000 08:02 3541470                    /usr/local/lib/python3.12/dist-packages/JCC-3.14-py3.12-linux-x86_64.egg/libjcc3.so
7c9ad99f1000-7c9ad99fa000 r-xp 00006000 08:02 3541470                    /usr/local/lib/python3.12/dist-packages/JCC-3.14-py3.12-linux-x86_64.egg/libjcc3.so
7c9ad99fa000-7c9ad99fe000 r--p 0000f000 08:02 3541470                    /usr/local/lib/python3.12/dist-packages/JCC-3.14-py3.12-linux-x86_64.egg/libjcc3.so
7c9ad99fe000-7c9ad99ff000 r--p 00012000 08:02 3541470                    /usr/local/lib/python3.12/dist-packages/JCC-3.14-py3.12-linux-x86_64.egg/libjcc3.so
7c9ad99ff000-7c9ad9a00000 rw-p 00013000 08:02 3541470                    /usr/local/lib/python3.12/dist-packages/JCC-3.14-py3.12-linux-x86_64.egg/libjcc3.so
7c9ad9a00000-7c9ad9c00000 rw-p 00000000 00:00 0 
7c9ad9c00000-7c9ad9cb3000 r--p 00000000 08:02 3026511                    /usr/lib/x86_64-linux-gnu/libcrypto.so.3
7c9ad9cb3000-7c9ad9fe6000 r-xp 000b3000 08:02 3026511                    /usr/lib/x86_64-linux-gnu/libcrypto.so.3
7c9ad9fe6000-7c9ada0b1000 r--p 003e6000 08:02 3026511                    /usr/lib/x86_64-linux-gnu/libcrypto.so.3
7c9ada0b1000-7c9ada10d000 r--p 004b0000 08:02 3026511                    /usr/lib/x86_64-linux-gnu/libcrypto.so.3
7c9ada10d000-7c9ada110000 rw-p 0050c000 08:02 3026511                    /usr/lib/x86_64-linux-gnu/libcrypto.so.3
7c9ada110000-7c9ada117000 rw-p 00000000 00:00 0 
7c9ada117000-7c9ada135000 r--p 00000000 08:02 3052318                    /usr/lib/x86_64-linux-gnu/libssl.so.3
7c9ada135000-7c9ada197000 r-xp 0001e000 08:02 3052318                    /usr/lib/x86_64-linux-gnu/libssl.so.3
7c9ada197000-7c9ada1b3000 r--p 00080000 08:02 3052318                    /usr/lib/x86_64-linux-gnu/libssl.so.3
7c9ada1b3000-7c9ada1bd000 r--p 0009c000 08:02 3052318                    /usr/lib/x86_64-linux-gnu/libssl.so.3
7c9ada1bd000-7c9ada1c1000 rw-p 000a6000 08:02 3052318                    /usr/lib/x86_64-linux-gnu/libssl.so.3
7c9ada1c1000-7c9ada3c1000 rw-p 00000000 00:00 0 
7c9ada3c1000-7c9ada3c8000 r--p 00000000 08:02 3017983                    /usr/lib/python3.12/lib-dynload/_decimal.cpython-312-x86_64-linux-gnu.so
7c9ada3c8000-7c9ada408000 r-xp 00007000 08:02 3017983                    /usr/lib/python3.12/lib-dynload/_decimal.cpython-312-x86_64-linux-gnu.so
7c9ada408000-7c9ada419000 r--p 00047000 08:02 3017983                    /usr/lib/python3.12/lib-dynload/_decimal.cpython-312-x86_64-linux-gnu.so
7c9ada419000-7c9ada41a000 r--p 00057000 08:02 3017983                    /usr/lib/python3.12/lib-dynload/_decimal.cpython-312-x86_64-linux-gnu.so
7c9ada41a000-7c9ada41d000 rw-p 00058000 08:02 3017983                    /usr/lib/python3.12/lib-dynload/_decimal.cpython-312-x86_64-linux-gnu.so
7c9ada41d000-7c9ada51d000 rw-p 00000000 00:00 0 
7c9ada520000-7c9ada522000 r--p 00000000 08:02 3026156                    /usr/lib/x86_64-linux-gnu/libffi.so.8.1.4
7c9ada522000-7c9ada529000 r-xp 00002000 08:02 3026156                    /usr/lib/x86_64-linux-gnu/libffi.so.8.1.4
7c9ada529000-7c9ada52a000 r--p 00009000 08:02 3026156                    /usr/lib/x86_64-linux-gnu/libffi.so.8.1.4
7c9ada52a000-7c9ada52b000 r--p 0000a000 08:02 3026156                    /usr/lib/x86_64-linux-gnu/libffi.so.8.1.4
7c9ada52b000-7c9ada52c000 rw-p 0000b000 08:02 3026156                    /usr/lib/x86_64-linux-gnu/libffi.so.8.1.4
7c9ada52c000-7c9ada52f000 r--p 00000000 08:02 3026354                    /usr/lib/x86_64-linux-gnu/liblzma.so.5.4.5
7c9ada52f000-7c9ada551000 r-xp 00003000 08:02 3026354                    /usr/lib/x86_64-linux-gnu/liblzma.so.5.4.5
7c9ada551000-7c9ada55c000 r--p 00025000 08:02 3026354                    /usr/lib/x86_64-linux-gnu/liblzma.so.5.4.5
7c9ada55c000-7c9ada55d000 r--p 00030000 08:02 3026354                    /usr/lib/x86_64-linux-gnu/liblzma.so.5.4.5
7c9ada55d000-7c9ada55e000 rw-p 00031000 08:02 3026354                    /usr/lib/x86_64-linux-gnu/liblzma.so.5.4.5
7c9ada55e000-7c9ada5ab000 rw-p 00000000 00:00 0 
7c9ada5ad000-7c9ada5ae000 r--p 00000000 08:02 3021321                    /usr/lib/python3/dist-packages/markupsafe/_speedups.cpython-312-x86_64-linux-gnu.so
7c9ada5ae000-7c9ada5af000 r-xp 00001000 08:02 3021321                    /usr/lib/python3/dist-packages/markupsafe/_speedups.cpython-312-x86_64-linux-gnu.so
7c9ada5af000-7c9ada5b0000 r--p 00002000 08:02 3021321                    /usr/lib/python3/dist-packages/markupsafe/_speedups.cpython-312-x86_64-linux-gnu.so
7c9ada5b0000-7c9ada5b1000 r--p 00002000 08:02 3021321                    /usr/lib/python3/dist-packages/markupsafe/_speedups.cpython-312-x86_64-linux-gnu.so
7c9ada5b1000-7c9ada5b2000 rw-p 00003000 08:02 3021321                    /usr/lib/python3/dist-packages/markupsafe/_speedups.cpython-312-x86_64-linux-gnu.so
7c9ada5b2000-7c9ada5b3000 r--p 00000000 08:02 3017942                    /usr/lib/python3.12/lib-dynload/_contextvars.cpython-312-x86_64-linux-gnu.so
7c9ada5b3000-7c9ada5b4000 r-xp 00001000 08:02 3017942                    /usr/lib/python3.12/lib-dynload/_contextvars.cpython-312-x86_64-linux-gnu.so
7c9ada5b4000-7c9ada5b5000 r--p 00002000 08:02 3017942                    /usr/lib/python3.12/lib-dynload/_contextvars.cpython-312-x86_64-linux-gnu.so
7c9ada5b5000-7c9ada5b6000 r--p 00002000 08:02 3017942                    /usr/lib/python3.12/lib-dynload/_contextvars.cpython-312-x86_64-linux-gnu.so
7c9ada5b6000-7c9ada5b7000 rw-p 00003000 08:02 3017942                    /usr/lib/python3.12/lib-dynload/_contextvars.cpython-312-x86_64-linux-gnu.so
7c9ada5b7000-7c9ada5bb000 rw-p 00000000 00:00 0 
7c9ada5bb000-7c9ada5bd000 r--p 00000000 08:02 3017984                    /usr/lib/python3.12/lib-dynload/_json.cpython-312-x86_64-linux-gnu.so
7c9ada5bd000-7c9ada5c4000 r-xp 00002000 08:02 3017984                    /usr/lib/python3.12/lib-dynload/_json.cpython-312-x86_64-linux-gnu.so
7c9ada5c4000-7c9ada5c6000 r--p 00009000 08:02 3017984                    /usr/lib/python3.12/lib-dynload/_json.cpython-312-x86_64-linux-gnu.so
7c9ada5c6000-7c9ada5c7000 r--p 0000a000 08:02 3017984                    /usr/lib/python3.12/lib-dynload/_json.cpython-312-x86_64-linux-gnu.so
7c9ada5c7000-7c9ada5c8000 rw-p 0000b000 08:02 3017984                    /usr/lib/python3.12/lib-dynload/_json.cpython-312-x86_64-linux-gnu.so
7c9ada5c8000-7c9ada5db000 r--p 00000000 08:02 3018014                    /usr/lib/python3.12/lib-dynload/_ssl.cpython-312-x86_64-linux-gnu.so
7c9ada5db000-7c9ada5e8000 r-xp 00013000 08:02 3018014                    /usr/lib/python3.12/lib-dynload/_ssl.cpython-312-x86_64-linux-gnu.so
7c9ada5e8000-7c9ada5f6000 r--p 00020000 08:02 3018014                    /usr/lib/python3.12/lib-dynload/_ssl.cpython-312-x86_64-linux-gnu.so
7c9ada5f6000-7c9ada5f7000 r--p 0002d000 08:02 3018014                    /usr/lib/python3.12/lib-dynload/_ssl.cpython-312-x86_64-linux-gnu.so
7c9ada5f7000-7c9ada600000 rw-p 0002e000 08:02 3018014                    /usr/lib/python3.12/lib-dynload/_ssl.cpython-312-x86_64-linux-gnu.so
7c9ada600000-7c9ada800000 rw-p 00000000 00:00 0 
7c9ada800000-7c9adb5ec000 r--p 00000000 08:02 3017338                    /usr/lib/locale/locale-archive
7c9adb5ee000-7c9adb5f6000 rw-p 00000000 00:00 0 
7c9adb5f6000-7c9adb5f9000 r--p 00000000 08:02 3018008                    /usr/lib/python3.12/lib-dynload/termios.cpython-312-x86_64-linux-gnu.so
7c9adb5f9000-7c9adb5fb000 r-xp 00003000 08:02 3018008                    /usr/lib/python3.12/lib-dynload/termios.cpython-312-x86_64-linux-gnu.so
7c9adb5fb000-7c9adb5fd000 r--p 00005000 08:02 3018008                    /usr/lib/python3.12/lib-dynload/termios.cpython-312-x86_64-linux-gnu.so
7c9adb5fd000-7c9adb5fe000 r--p 00006000 08:02 3018008                    /usr/lib/python3.12/lib-dynload/termios.cpython-312-x86_64-linux-gnu.so
7c9adb5fe000-7c9adb600000 rw-p 00007000 08:02 3018008                    /usr/lib/python3.12/lib-dynload/termios.cpython-312-x86_64-linux-gnu.so
7c9adb600000-7c9adb628000 r--p 00000000 08:02 3026051                    /usr/lib/x86_64-linux-gnu/libc.so.6
7c9adb628000-7c9adb7b0000 r-xp 00028000 08:02 3026051                    /usr/lib/x86_64-linux-gnu/libc.so.6
7c9adb7b0000-7c9adb7ff000 r--p 001b0000 08:02 3026051                    /usr/lib/x86_64-linux-gnu/libc.so.6
7c9adb7ff000-7c9adb803000 r--p 001fe000 08:02 3026051                    /usr/lib/x86_64-linux-gnu/libc.so.6
7c9adb803000-7c9adb805000 rw-p 00202000 08:02 3026051                    /usr/lib/x86_64-linux-gnu/libc.so.6
7c9adb805000-7c9adb816000 rw-p 00000000 00:00 0 
7c9adb816000-7c9adb818000 r--p 00000000 08:02 3026050                    /usr/lib/x86_64-linux-gnu/libbz2.so.1.0.4
7c9adb818000-7c9adb826000 r-xp 00002000 08:02 3026050                    /usr/lib/x86_64-linux-gnu/libbz2.so.1.0.4
7c9adb826000-7c9adb828000 r--p 00010000 08:02 3026050                    /usr/lib/x86_64-linux-gnu/libbz2.so.1.0.4
7c9adb828000-7c9adb829000 r--p 00011000 08:02 3026050                    /usr/lib/x86_64-linux-gnu/libbz2.so.1.0.4
7c9adb829000-7c9adb82a000 rw-p 00012000 08:02 3026050                    /usr/lib/x86_64-linux-gnu/libbz2.so.1.0.4
7c9adb82b000-7c9adb82e000 r--p 00000000 08:02 3017986                    /usr/lib/python3.12/lib-dynload/_lzma.cpython-312-x86_64-linux-gnu.so
7c9adb82e000-7c9adb833000 r-xp 00003000 08:02 3017986                    /usr/lib/python3.12/lib-dynload/_lzma.cpython-312-x86_64-linux-gnu.so
7c9adb833000-7c9adb836000 r--p 00008000 08:02 3017986                    /usr/lib/python3.12/lib-dynload/_lzma.cpython-312-x86_64-linux-gnu.so
7c9adb836000-7c9adb837000 r--p 0000a000 08:02 3017986                    /usr/lib/python3.12/lib-dynload/_lzma.cpython-312-x86_64-linux-gnu.so
7c9adb837000-7c9adb838000 rw-p 0000b000 08:02 3017986                    /usr/lib/python3.12/lib-dynload/_lzma.cpython-312-x86_64-linux-gnu.so
7c9adb838000-7c9adb83a000 r--p 00000000 08:02 3017925                    /usr/lib/python3.12/lib-dynload/_bz2.cpython-312-x86_64-linux-gnu.so
7c9adb83a000-7c9adb83d000 r-xp 00002000 08:02 3017925                    /usr/lib/python3.12/lib-dynload/_bz2.cpython-312-x86_64-linux-gnu.so
7c9adb83d000-7c9adb83f000 r--p 00005000 08:02 3017925                    /usr/lib/python3.12/lib-dynload/_bz2.cpython-312-x86_64-linux-gnu.so
7c9adb83f000-7c9adb840000 r--p 00006000 08:02 3017925                    /usr/lib/python3.12/lib-dynload/_bz2.cpython-312-x86_64-linux-gnu.so
7c9adb840000-7c9adb841000 rw-p 00007000 08:02 3017925                    /usr/lib/python3.12/lib-dynload/_bz2.cpython-312-x86_64-linux-gnu.so
7c9adb841000-7c9adb843000 r--p 00000000 08:02 3017990                    /usr/lib/python3.12/lib-dynload/_queue.cpython-312-x86_64-linux-gnu.so
7c9adb843000-7c9adb845000 r-xp 00002000 08:02 3017990                    /usr/lib/python3.12/lib-dynload/_queue.cpython-312-x86_64-linux-gnu.so
7c9adb845000-7c9adb846000 r--p 00004000 08:02 3017990                    /usr/lib/python3.12/lib-dynload/_queue.cpython-312-x86_64-linux-gnu.so
7c9adb846000-7c9adb847000 r--p 00004000 08:02 3017990                    /usr/lib/python3.12/lib-dynload/_queue.cpython-312-x86_64-linux-gnu.so
7c9adb847000-7c9adb848000 rw-p 00005000 08:02 3017990                    /usr/lib/python3.12/lib-dynload/_queue.cpython-312-x86_64-linux-gnu.so
7c9adb848000-7c9adb9ac000 rw-p 00000000 00:00 0 
7c9adb9ac000-7c9adb9b0000 r--p 00000000 08:02 3029082                    /usr/lib/x86_64-linux-gnu/libexpat.so.1.9.1
7c9adb9b0000-7c9adb9cc000 r-xp 00004000 08:02 3029082                    /usr/lib/x86_64-linux-gnu/libexpat.so.1.9.1
7c9adb9cc000-7c9adb9d4000 r--p 00020000 08:02 3029082                    /usr/lib/x86_64-linux-gnu/libexpat.so.1.9.1
7c9adb9d4000-7c9adb9d6000 r--p 00027000 08:02 3029082                    /usr/lib/x86_64-linux-gnu/libexpat.so.1.9.1
7c9adb9d6000-7c9adb9d7000 rw-p 00029000 08:02 3029082                    /usr/lib/x86_64-linux-gnu/libexpat.so.1.9.1
7c9adb9d7000-7c9adb9d9000 r--p 00000000 08:02 3026708                    /usr/lib/x86_64-linux-gnu/libz.so.1.3
7c9adb9d9000-7c9adb9eb000 r-xp 00002000 08:02 3026708                    /usr/lib/x86_64-linux-gnu/libz.so.1.3
7c9adb9eb000-7c9adb9f1000 r--p 00014000 08:02 3026708                    /usr/lib/x86_64-linux-gnu/libz.so.1.3
7c9adb9f1000-7c9adb9f2000 r--p 0001a000 08:02 3026708                    /usr/lib/x86_64-linux-gnu/libz.so.1.3
7c9adb9f2000-7c9adb9f3000 rw-p 0001b000 08:02 3026708                    /usr/lib/x86_64-linux-gnu/libz.so.1.3
7c9adb9f3000-7c9adba03000 r--p 00000000 08:02 3026356                    /usr/lib/x86_64-linux-gnu/libm.so.6
7c9adba03000-7c9adba82000 r-xp 00010000 08:02 3026356                    /usr/lib/x86_64-linux-gnu/libm.so.6
7c9adba82000-7c9adbada000 r--p 0008f000 08:02 3026356                    /usr/lib/x86_64-linux-gnu/libm.so.6
7c9adbada000-7c9adbadb000 r--p 000e7000 08:02 3026356                    /usr/lib/x86_64-linux-gnu/libm.so.6
7c9adbadb000-7c9adbadc000 rw-p 000e8000 08:02 3026356                    /usr/lib/x86_64-linux-gnu/libm.so.6
7c9adbadc000-7c9adbadd000 ---p 00000000 00:00 0 
7c9adbadd000-7c9adbade000 r--p 00000000 00:00 0 
7c9adbade000-7c9adbadf000 ---p 00000000 00:00 0 
7c9adbadf000-7c9adbae3000 rw-p 00000000 00:00 0 
7c9adbae3000-7c9adbaea000 r--s 00000000 08:02 3027590                    /usr/lib/x86_64-linux-gnu/gconv/gconv-modules.cache
7c9adbaea000-7c9adbaec000 rw-p 00000000 00:00 0 
7c9adbaec000-7c9adbaed000 r--p 00000000 08:02 3025869                    /usr/lib/x86_64-linux-gnu/ld-linux-x86-64.so.2
7c9adbaed000-7c9adbb18000 r-xp 00001000 08:02 3025869                    /usr/lib/x86_64-linux-gnu/ld-linux-x86-64.so.2
7c9adbb18000-7c9adbb22000 r--p 0002c000 08:02 3025869                    /usr/lib/x86_64-linux-gnu/ld-linux-x86-64.so.2
7c9adbb22000-7c9adbb24000 r--p 00036000 08:02 3025869                    /usr/lib/x86_64-linux-gnu/ld-linux-x86-64.so.2
7c9adbb24000-7c9adbb26000 rw-p 00038000 08:02 3025869                    /usr/lib/x86_64-linux-gnu/ld-linux-x86-64.so.2
7ffddaaa7000-7ffddaaab000 ---p 00000000 00:00 0 
7ffddaaab000-7ffddaba7000 rw-p 00000000 00:00 0                          [stack]
7ffddabb8000-7ffddabbc000 r--p 00000000 00:00 0                          [vvar]
7ffddabbc000-7ffddabbe000 r-xp 00000000 00:00 0                          [vdso]
ffffffffff600000-ffffffffff601000 --xp 00000000 00:00 0                  [vsyscall]


VM Arguments:
java_command: <unknown>
java_class_path (initial): /usr/local/lib/python3.12/dist-packages/JCC-3.14-py3.12-linux-x86_64.egg/jcc/classes:/usr/local/lib/python3.12/dist-packages/lucene-9.10.0-py3.12-linux-x86_64.egg/lucene/lucene-core-9.10.0-SNAPSHOT.jar:/usr/local/lib/python3.12/dist-packages/lucene-9.10.0-py3.12-linux-x86_64.egg/lucene/lucene-analysis-common-9.10.0-SNAPSHOT.jar:/usr/local/lib/python3.12/dist-packages/lucene-9.10.0-py3.12-linux-x86_64.egg/lucene/lucene-backward-codecs-9.10.0-SNAPSHOT.jar:/usr/local/lib/python3.12/dist-packages/lucene-9.10.0-py3.12-linux-x86_64.egg/lucene/lucene-classification-9.10.0-SNAPSHOT.jar:/usr/local/lib/python3.12/dist-packages/lucene-9.10.0-py3.12-linux-x86_64.egg/lucene/lucene-codecs-9.10.0-SNAPSHOT.jar:/usr/local/lib/python3.12/dist-packages/lucene-9.10.0-py3.12-linux-x86_64.egg/lucene/lucene-expressions-9.10.0-SNAPSHOT.jar:/usr/local/lib/python3.12/dist-packages/lucene-9.10.0-py3.12-linux-x86_64.egg/lucene/lucene-extensions-9.10.0-SNAPSHOT.jar:/usr/local/lib/python3.12/dist-packages/lucene-9.10.0-py3.12-linux-x86_64.egg/lucene/lucene-facet-9.10.0-SNAPSHOT.jar:/usr/local/lib/python3.12/dist-packages/lucene-9.10.0-py3.12-linux-x86_64.egg/lucene/lucene-grouping-9.10.0-SNAPSHOT.jar:/usr/local/lib/python3.12/dist-packages/lucene-9.10.0-py3.12-linux-x86_64.egg/lucene/lucene-highlighter-9.10.0-SNAPSHOT.jar:/usr/local/lib/python3.12/dist-packages/lucene-9.10.0-py3.12-linux-x86_64.egg/lucene/lucene-join-9.10.0-SNAPSHOT.jar:/usr/local/lib/python3.12/dist-packages/lucene-9.10.0-py3.12-linux-x86_64.egg/lucene/lucene-analysis-kuromoji-9.10.0-SNAPSHOT.jar:/usr/local/lib/python3.12/dist-packages/lucene-9.10.0-py3.12-linux-x86_64.egg/lucene/lucene-memory-9.10.0-SNAPSHOT.jar:/usr/local/lib/python3.12/dist-packages/lucene-9.10.0-py3.12-linux-x86_64.egg/lucene/lucene-misc-9.10.0-SNAPSHOT.jar:/usr/local/lib/python3.12/dist-packages/lucene-9.10.0-py3.12-linux-x86_64.egg/lucene/lucene-monitor-9.10.0-SNAPSHOT.jar:/usr/local/lib/python3.12/dist-packages/lucene-9.10.0-
Launcher Type: generic

[Global flags]
     intx CICompilerCount                          = 4                                         {product} {ergonomic}
     uint ConcGCThreads                            = 2                                         {product} {ergonomic}
     uint G1ConcRefinementThreads                  = 8                                         {product} {ergonomic}
   size_t G1HeapRegionSize                         = 1048576                                   {product} {ergonomic}
    uintx GCDrainStackTargetSize                   = 64                                        {product} {ergonomic}
   size_t InitialHeapSize                          = 132120576                                 {product} {ergonomic}
   size_t MarkStackSize                            = 4194304                                   {product} {ergonomic}
   size_t MaxHeapSize                              = 2082471936                                {product} {ergonomic}
   size_t MaxNewSize                               = 1248854016                                {product} {ergonomic}
   size_t MinHeapDeltaBytes                        = 1048576                                   {product} {ergonomic}
   size_t MinHeapSize                              = 8388608                                   {product} {ergonomic}
    uintx NonNMethodCodeHeapSize                   = 5839372                                {pd product} {ergonomic}
    uintx NonProfiledCodeHeapSize                  = 122909434                              {pd product} {ergonomic}
    uintx ProfiledCodeHeapSize                     = 122909434                              {pd product} {ergonomic}
    uintx ReservedCodeCacheSize                    = 251658240                              {pd product} {ergonomic}
     bool SegmentedCodeCache                       = true                                      {product} {ergonomic}
   size_t SoftMaxHeapSize                          = 2082471936                             {manageable} {ergonomic}
     bool UseCompressedClassPointers               = true                           {product lp64_product} {ergonomic}
     bool UseCompressedOops                        = true                           {product lp64_product} {ergonomic}
     bool UseG1GC                                  = true                                      {product} {ergonomic}

Logging:
Log output configuration:
 #0: stdout all=warning uptime,level,tags
 #1: stderr all=off uptime,level,tags

Environment Variables:
PATH=/home/yjf/.cursor-server/cli/servers/Stable-b1e87884330fc271d5eb589e368c35f14e76dec0/server/bin/remote-cli:/home/yjf/.local/bin:/home/yjf/miniconda3/condabin:/usr/local/sbin:/usr/local/bin:/usr/sbin:/usr/bin:/sbin:/bin:/usr/games:/usr/local/games:/snap/bin
SHELL=/bin/bash
LANG=zh_CN.UTF-8
LC_NUMERIC=zh_CN.UTF-8
LC_TIME=zh_CN.UTF-8
TERM=xterm-256color

Active Locale:
LC_ALL=zh_CN.UTF-8
LC_COLLATE=zh_CN.UTF-8
LC_CTYPE=zh_CN.UTF-8
LC_MESSAGES=zh_CN.UTF-8
LC_MONETARY=zh_CN.UTF-8
LC_NUMERIC=zh_CN.UTF-8
LC_TIME=zh_CN.UTF-8

Signal Handlers:
   SIGSEGV: crash_handler in libjvm.so, mask=11100100010111111101111111111110, flags=SA_RESTART|SA_SIGINFO, unblocked
    SIGBUS: crash_handler in libjvm.so, mask=11100100010111111101111111111110, flags=SA_RESTART|SA_SIGINFO, unblocked
    SIGFPE: crash_handler in libjvm.so, mask=11100100010111111101111111111110, flags=SA_RESTART|SA_SIGINFO, unblocked
   SIGPIPE: javaSignalHandler in libjvm.so, mask=11100100010111111101111111111110, flags=SA_RESTART|SA_SIGINFO, blocked
   SIGXFSZ: javaSignalHandler in libjvm.so, mask=11100100010111111101111111111110, flags=SA_RESTART|SA_SIGINFO, blocked
    SIGILL: crash_handler in libjvm.so, mask=11100100010111111101111111111110, flags=SA_RESTART|SA_SIGINFO, unblocked
   SIGUSR2: SR_handler in libjvm.so, mask=00100000000000000000000000000000, flags=SA_RESTART|SA_SIGINFO, blocked
    SIGHUP: UserHandler in libjvm.so, mask=11100100010111111101111111111110, flags=SA_RESTART|SA_SIGINFO, blocked
    SIGINT: UserHandler in libjvm.so, mask=11100100010111111101111111111110, flags=SA_RESTART|SA_SIGINFO, blocked
   SIGTERM: 0x00000000006e7540 in python3.12+3044672, mask=00000000000000000000000000000000, flags=SA_ONSTACK, blocked
   SIGQUIT: UserHandler in libjvm.so, mask=11100100010111111101111111111110, flags=SA_RESTART|SA_SIGINFO, blocked
   SIGTRAP: crash_handler in libjvm.so, mask=11100100010111111101111111111110, flags=SA_RESTART|SA_SIGINFO, unblocked


Periodic native trim disabled


---------------  S Y S T E M  ---------------

OS:
DISTRIB_ID=Ubuntu
DISTRIB_RELEASE=24.04
DISTRIB_CODENAME=noble
DISTRIB_DESCRIPTION="Ubuntu 24.04.1 LTS"
uname: Linux 6.8.0-45-generic #45-Ubuntu SMP PREEMPT_DYNAMIC Fri Aug 30 12:02:04 UTC 2024 x86_64
OS uptime: 0 days 0:45 hours
libc: glibc 2.39 NPTL 2.39 
rlimit (soft/hard): STACK 8192k/infinity , CORE 0k/infinity , NPROC 31482/31482 , NOFILE 1048576/1048576 , AS infinity/infinity , CPU infinity/infinity , DATA infinity/infinity , FSIZE infinity/infinity , MEMLOCK 1016324k/1016324k
load average: 1.23 0.79 1.20

/proc/meminfo:
MemTotal:        8130608 kB
MemFree:         1499324 kB
MemAvailable:    3894552 kB
Buffers:           81068 kB
Cached:          2494988 kB
SwapCached:            0 kB
Active:          4781808 kB
Inactive:        1356104 kB
Active(anon):    3601788 kB
Inactive(anon):        0 kB
Active(file):    1180020 kB
Inactive(file):  1356104 kB
Unevictable:          16 kB
Mlocked:              16 kB
SwapTotal:             0 kB
SwapFree:              0 kB
Zswap:                 0 kB
Zswapped:              0 kB
Dirty:                52 kB
Writeback:             0 kB
AnonPages:       3561980 kB
Mapped:           490400 kB
Shmem:             39904 kB
KReclaimable:     156180 kB
Slab:             298072 kB
SReclaimable:     156180 kB
SUnreclaim:       141892 kB
KernelStack:       13456 kB
PageTables:        61900 kB
SecPageTables:         0 kB
NFS_Unstable:          0 kB
Bounce:                0 kB
WritebackTmp:          0 kB
CommitLimit:     4065304 kB
Committed_AS:    7922932 kB
VmallocTotal:   34359738367 kB
VmallocUsed:       29512 kB
VmallocChunk:          0 kB
Percpu:             6208 kB
HardwareCorrupted:     0 kB
AnonHugePages:         0 kB
ShmemHugePages:        0 kB
ShmemPmdMapped:        0 kB
FileHugePages:         0 kB
FilePmdMapped:         0 kB
Unaccepted:            0 kB
HugePages_Total:       0
HugePages_Free:        0
HugePages_Rsvd:        0
HugePages_Surp:        0
Hugepagesize:       2048 kB
Hugetlb:               0 kB
DirectMap4k:      155584 kB
DirectMap2M:     8232960 kB

/sys/kernel/mm/transparent_hugepage/enabled: always [madvise] never
/sys/kernel/mm/transparent_hugepage/hpage_pmd_size: 2097152
/sys/kernel/mm/transparent_hugepage/defrag (defrag/compaction efforts parameter): always defer defer+madvise [madvise] never

Process Memory:
Virtual Size: 5907260K (peak: 5907260K)
Resident Set Size: 207552K (peak: 207552K) (anon: 134464K, file: 73088K, shmem: 0K)
Swapped out: 0K
C-Heap outstanding allocations: 49300K, retained: 13651K
glibc malloc tunables: (default)

/proc/sys/kernel/threads-max (system-wide limit on the number of threads): 62964
/proc/sys/vm/max_map_count (maximum number of memory map areas a process may have): 1048576
/proc/sys/vm/swappiness (control to define how aggressively the kernel swaps out anonymous memory): 60
/proc/sys/kernel/pid_max (system-wide limit on number of process identifiers): 4194304

container (cgroup) information:
container_type: cgroupv2
cpu_cpuset_cpus: not supported
cpu_memory_nodes: not supported
active_processor_count: 8
cpu_quota: no quota
cpu_period: 100000
cpu_shares: no shares
memory_limit_in_bytes: unlimited
memory_and_swap_limit_in_bytes: unlimited
memory_soft_limit_in_bytes: unlimited
memory_usage_in_bytes: 2883068 k
memory_max_usage_in_bytes: not supported
memory_swap_current_in_bytes: unlimited
memory_swap_max_limit_in_bytes: unlimited
maximum number of tasks: unlimited
current number of tasks: 230

KVM virtualization detected
Steal ticks since vm start: 0
Steal ticks percentage since vm start:  0.000

CPU: total 8 (initial active 8) (8 cores per cpu, 8 threads per core) family 25 model 80 stepping 0 microcode 0xffffffff, cx8, cmov, fxsr, ht, mmx, 3dnowpref, sse, sse2, sse3, ssse3, sse4a, sse4.1, sse4.2, popcnt, lzcnt, tsc, tscinvbit, aes, clmul, bmi1, bmi2, adx, sha, clflush, clflushopt, hv
CPU Model and flags from /proc/cpuinfo:
model name	: AMD Ryzen 7 5800H with Radeon Graphics
flags		: fpu vme de pse tsc msr pae mce cx8 apic sep mtrr pge mca cmov pat pse36 clflush mmx fxsr sse sse2 ht syscall nx mmxext fxsr_opt rdtscp lm constant_tsc rep_good nopl nonstop_tsc cpuid extd_apicid tsc_known_freq pni pclmulqdq ssse3 cx16 sse4_1 sse4_2 movbe popcnt aes rdrand hypervisor lahf_lm cmp_legacy cr8_legacy abm sse4a misalignsse 3dnowprefetch vmmcall fsgsbase bmi1 bmi2 invpcid rdseed adx clflushopt sha_ni xsaveerptr arat

Online cpus: 0-7
Offline cpus: 
BIOS frequency limitation: <Not Available>
Frequency switch latency (ns): <Not Available>
Available cpu frequencies: <Not Available>
Current governor: <Not Available>
Core performance/turbo boost: <Not Available>

Memory: 4k page, physical 8130608k(1499324k free), swap 0k(0k free)
Page Sizes: 4k

vm_info: OpenJDK 64-Bit Server VM (17.0.12+7) for linux-amd64 JRE (17.0.12+7), built on Jul 16 2024 00:00:00 by "admin" with gcc 10.3.0

END.
